..\ES6\011-AVL-Tree\003-Rotation-Operations\1.MyArray.js
..\ES6\011-AVL-Tree\003-Rotation-Operations\2.MyStack.js
..\ES6\011-AVL-Tree\003-Rotation-Operations\3.MyQueue.js
..\ES6\011-AVL-Tree\003-Rotation-Operations\4.MyLoopQueue.js
..\ES6\011-AVL-Tree\003-Rotation-Operations\5.MyLinkedListNode.js
..\ES6\011-AVL-Tree\003-Rotation-Operations\6.MyLinkedList.js
..\ES6\011-AVL-Tree\003-Rotation-Operations\7.MyLinkedListStack.js
..\ES6\011-AVL-Tree\003-Rotation-Operations\8.MyLinkedListQueue.js
..\ES6\011-AVL-Tree\003-Rotation-Operations\9.MyBinarySearchTreeNode.js
..\ES6\011-AVL-Tree\003-Rotation-Operations\10.MyBinarySearchTree.js
..\ES6\011-AVL-Tree\003-Rotation-Operations\11.MyBinarySearchTreeSet.js
..\ES6\011-AVL-Tree\003-Rotation-Operations\12.MyLinkedListSet.js
..\ES6\011-AVL-Tree\003-Rotation-Operations\13.MyLinkedListMapNode.js
..\ES6\011-AVL-Tree\003-Rotation-Operations\14.MyBinarySearchTreeMapNode.js
..\ES6\011-AVL-Tree\003-Rotation-Operations\15.MyLinkedListMap.js
..\ES6\011-AVL-Tree\003-Rotation-Operations\16.MyBinarySearchTreeMap.js
..\ES6\011-AVL-Tree\003-Rotation-Operations\17.MyMaxHeap.js
..\ES6\011-AVL-Tree\003-Rotation-Operations\18.MyPriorityQueue.js
..\ES6\011-AVL-Tree\003-Rotation-Operations\19.MySegmentTree.js
..\ES6\011-AVL-Tree\003-Rotation-Operations\20.MyTrieNode.js
..\ES6\011-AVL-Tree\003-Rotation-Operations\21.MyTrie.js
..\ES6\011-AVL-Tree\003-Rotation-Operations\22.MyTrieSet.js
..\ES6\011-AVL-Tree\003-Rotation-Operations\23.MyTrieNodeUpgrade.js
..\ES6\011-AVL-Tree\003-Rotation-Operations\24.MyTrieUpgrade.js
..\ES6\011-AVL-Tree\003-Rotation-Operations\25.MyTrieMap.js
..\ES6\011-AVL-Tree\003-Rotation-Operations\26.MyUnionFind.js
..\ES6\011-AVL-Tree\003-Rotation-Operations\27.MyUnionFindOne.js
..\ES6\011-AVL-Tree\003-Rotation-Operations\28.MyUnionFindTwo.js
..\ES6\011-AVL-Tree\003-Rotation-Operations\29.MyUnionFindThree.js
..\ES6\011-AVL-Tree\003-Rotation-Operations\30.MyUnionFindFour.js
..\ES6\011-AVL-Tree\003-Rotation-Operations\31.MyUnionFindFive.js
..\ES6\011-AVL-Tree\003-Rotation-Operations\32.MyUnionFindSix.js
..\ES6\011-AVL-Tree\003-Rotation-Operations\33.MyAVLTreeNode.js
..\ES6\011-AVL-Tree\003-Rotation-Operations\34.MyAVLTree.js
..\ES6\011-AVL-Tree\003-Rotation-Operations\35.Main.js
..\ES6\011-AVL-Tree\003-Rotation-Operations\36.PerformanceTest.js
..\ES6\011-AVL-Tree\003-Rotation-Operations\37.ListNode.js
..\ES6\011-AVL-Tree\003-Rotation-Operations\38.Calc.js
..\ES6\011-AVL-Tree\003-Rotation-Operations\39.Solution.js
..\ES6\011-AVL-Tree\003-Rotation-Operations\40.Student.js
