..\ES6\006-Set-And-Map\005-Map-Basics\1.MyArray.js
..\ES6\006-Set-And-Map\005-Map-Basics\2.MyStack.js
..\ES6\006-Set-And-Map\005-Map-Basics\3.MyQueue.js
..\ES6\006-Set-And-Map\005-Map-Basics\4.MyLoopQueue.js
..\ES6\006-Set-And-Map\005-Map-Basics\5.MyLinkedListNode.js
..\ES6\006-Set-And-Map\005-Map-Basics\6.MyLinkedList.js
..\ES6\006-Set-And-Map\005-Map-Basics\7.MyLinkedListStack.js
..\ES6\006-Set-And-Map\005-Map-Basics\8.MyLinkedListQueue.js
..\ES6\006-Set-And-Map\005-Map-Basics\9.MyBinarySearchTreeNode.js
..\ES6\006-Set-And-Map\005-Map-Basics\10.MyBinarySearchTree.js
..\ES6\006-Set-And-Map\005-Map-Basics\11.MyBinarySearchTreeSet.js
..\ES6\006-Set-And-Map\005-Map-Basics\12.MyLinkedListSet.js
..\ES6\006-Set-And-Map\005-Map-Basics\13.MyLinkedListMapNode.js
..\ES6\006-Set-And-Map\005-Map-Basics\14.MyBinarySearchTreeMapNode.js
..\ES6\006-Set-And-Map\005-Map-Basics\15.Main.js
..\ES6\006-Set-And-Map\005-Map-Basics\16.PerformanceTest.js
..\ES6\006-Set-And-Map\005-Map-Basics\17.ListNode.js
..\ES6\006-Set-And-Map\005-Map-Basics\18.Calc.js
..\ES6\006-Set-And-Map\005-Map-Basics\19.Solution.js
..\ES6\006-Set-And-Map\005-Map-Basics\20.Student.js
