..\ES6\006-Set-And-Map\009-LeetCode-Problems-About-Map-And-Set\1.MyArray.js
..\ES6\006-Set-And-Map\009-LeetCode-Problems-About-Map-And-Set\2.MyStack.js
..\ES6\006-Set-And-Map\009-LeetCode-Problems-About-Map-And-Set\3.MyQueue.js
..\ES6\006-Set-And-Map\009-LeetCode-Problems-About-Map-And-Set\4.MyLoopQueue.js
..\ES6\006-Set-And-Map\009-LeetCode-Problems-About-Map-And-Set\5.MyLinkedListNode.js
..\ES6\006-Set-And-Map\009-LeetCode-Problems-About-Map-And-Set\6.MyLinkedList.js
..\ES6\006-Set-And-Map\009-LeetCode-Problems-About-Map-And-Set\7.MyLinkedListStack.js
..\ES6\006-Set-And-Map\009-LeetCode-Problems-About-Map-And-Set\8.MyLinkedListQueue.js
..\ES6\006-Set-And-Map\009-LeetCode-Problems-About-Map-And-Set\9.MyBinarySearchTreeNode.js
..\ES6\006-Set-And-Map\009-LeetCode-Problems-About-Map-And-Set\10.MyBinarySearchTree.js
..\ES6\006-Set-And-Map\009-LeetCode-Problems-About-Map-And-Set\11.MyBinarySearchTreeSet.js
..\ES6\006-Set-And-Map\009-LeetCode-Problems-About-Map-And-Set\12.MyLinkedListSet.js
..\ES6\006-Set-And-Map\009-LeetCode-Problems-About-Map-And-Set\13.MyLinkedListMapNode.js
..\ES6\006-Set-And-Map\009-LeetCode-Problems-About-Map-And-Set\14.MyBinarySearchTreeMapNode.js
..\ES6\006-Set-And-Map\009-LeetCode-Problems-About-Map-And-Set\15.MyLinkedListMap.js
..\ES6\006-Set-And-Map\009-LeetCode-Problems-About-Map-And-Set\16.MyBinarySearchTreeMap.js
..\ES6\006-Set-And-Map\009-LeetCode-Problems-About-Map-And-Set\17.Main.js
..\ES6\006-Set-And-Map\009-LeetCode-Problems-About-Map-And-Set\18.PerformanceTest.js
..\ES6\006-Set-And-Map\009-LeetCode-Problems-About-Map-And-Set\19.ListNode.js
..\ES6\006-Set-And-Map\009-LeetCode-Problems-About-Map-And-Set\20.Calc.js
..\ES6\006-Set-And-Map\009-LeetCode-Problems-About-Map-And-Set\21.Solution.js
..\ES6\006-Set-And-Map\009-LeetCode-Problems-About-Map-And-Set\22.Student.js
