..\ES6\008-Segment-Tree\004-Segment-Tree-Problems-In-Leetcode\1.MyArray.js
..\ES6\008-Segment-Tree\004-Segment-Tree-Problems-In-Leetcode\2.MyStack.js
..\ES6\008-Segment-Tree\004-Segment-Tree-Problems-In-Leetcode\3.MyQueue.js
..\ES6\008-Segment-Tree\004-Segment-Tree-Problems-In-Leetcode\4.MyLoopQueue.js
..\ES6\008-Segment-Tree\004-Segment-Tree-Problems-In-Leetcode\5.MyLinkedListNode.js
..\ES6\008-Segment-Tree\004-Segment-Tree-Problems-In-Leetcode\6.MyLinkedList.js
..\ES6\008-Segment-Tree\004-Segment-Tree-Problems-In-Leetcode\7.MyLinkedListStack.js
..\ES6\008-Segment-Tree\004-Segment-Tree-Problems-In-Leetcode\8.MyLinkedListQueue.js
..\ES6\008-Segment-Tree\004-Segment-Tree-Problems-In-Leetcode\9.MyBinarySearchTreeNode.js
..\ES6\008-Segment-Tree\004-Segment-Tree-Problems-In-Leetcode\10.MyBinarySearchTree.js
..\ES6\008-Segment-Tree\004-Segment-Tree-Problems-In-Leetcode\11.MyBinarySearchTreeSet.js
..\ES6\008-Segment-Tree\004-Segment-Tree-Problems-In-Leetcode\12.MyLinkedListSet.js
..\ES6\008-Segment-Tree\004-Segment-Tree-Problems-In-Leetcode\13.MyLinkedListMapNode.js
..\ES6\008-Segment-Tree\004-Segment-Tree-Problems-In-Leetcode\14.MyBinarySearchTreeMapNode.js
..\ES6\008-Segment-Tree\004-Segment-Tree-Problems-In-Leetcode\15.MyLinkedListMap.js
..\ES6\008-Segment-Tree\004-Segment-Tree-Problems-In-Leetcode\16.MyBinarySearchTreeMap.js
..\ES6\008-Segment-Tree\004-Segment-Tree-Problems-In-Leetcode\17.MyMaxHeap.js
..\ES6\008-Segment-Tree\004-Segment-Tree-Problems-In-Leetcode\18.MyPriorityQueue.js
..\ES6\008-Segment-Tree\004-Segment-Tree-Problems-In-Leetcode\19.MySegmentTree.js
..\ES6\008-Segment-Tree\004-Segment-Tree-Problems-In-Leetcode\20.Main.js
..\ES6\008-Segment-Tree\004-Segment-Tree-Problems-In-Leetcode\21.PerformanceTest.js
..\ES6\008-Segment-Tree\004-Segment-Tree-Problems-In-Leetcode\22.ListNode.js
..\ES6\008-Segment-Tree\004-Segment-Tree-Problems-In-Leetcode\23.Calc.js
..\ES6\008-Segment-Tree\004-Segment-Tree-Problems-In-Leetcode\24.Solution.js
..\ES6\008-Segment-Tree\004-Segment-Tree-Problems-In-Leetcode\25.Student.js
