..\ES6\009-Trie\005-Trie-And-Map\1.MyArray.js
..\ES6\009-Trie\005-Trie-And-Map\2.MyStack.js
..\ES6\009-Trie\005-Trie-And-Map\3.MyQueue.js
..\ES6\009-Trie\005-Trie-And-Map\4.MyLoopQueue.js
..\ES6\009-Trie\005-Trie-And-Map\5.MyLinkedListNode.js
..\ES6\009-Trie\005-Trie-And-Map\6.MyLinkedList.js
..\ES6\009-Trie\005-Trie-And-Map\7.MyLinkedListStack.js
..\ES6\009-Trie\005-Trie-And-Map\8.MyLinkedListQueue.js
..\ES6\009-Trie\005-Trie-And-Map\9.MyBinarySearchTreeNode.js
..\ES6\009-Trie\005-Trie-And-Map\10.MyBinarySearchTree.js
..\ES6\009-Trie\005-Trie-And-Map\11.MyBinarySearchTreeSet.js
..\ES6\009-Trie\005-Trie-And-Map\12.MyLinkedListSet.js
..\ES6\009-Trie\005-Trie-And-Map\13.MyLinkedListMapNode.js
..\ES6\009-Trie\005-Trie-And-Map\14.MyBinarySearchTreeMapNode.js
..\ES6\009-Trie\005-Trie-And-Map\15.MyLinkedListMap.js
..\ES6\009-Trie\005-Trie-And-Map\16.MyBinarySearchTreeMap.js
..\ES6\009-Trie\005-Trie-And-Map\17.MyMaxHeap.js
..\ES6\009-Trie\005-Trie-And-Map\18.MyPriorityQueue.js
..\ES6\009-Trie\005-Trie-And-Map\19.MySegmentTree.js
..\ES6\009-Trie\005-Trie-And-Map\20.MyTrieNode.js
..\ES6\009-Trie\005-Trie-And-Map\21.MyTrie.js
..\ES6\009-Trie\005-Trie-And-Map\22.MyTrieSet.js
..\ES6\009-Trie\005-Trie-And-Map\23.MyTrieNodeUpgrade.js
..\ES6\009-Trie\005-Trie-And-Map\24.MyTrieUpgrade.js
..\ES6\009-Trie\005-Trie-And-Map\25.MyTrieMap.js
..\ES6\009-Trie\005-Trie-And-Map\26.Main.js
..\ES6\009-Trie\005-Trie-And-Map\27.PerformanceTest.js
..\ES6\009-Trie\005-Trie-And-Map\28.ListNode.js
..\ES6\009-Trie\005-Trie-And-Map\29.Calc.js
..\ES6\009-Trie\005-Trie-And-Map\30.Solution.js
..\ES6\009-Trie\005-Trie-And-Map\31.Student.js
