..\ES6\013-Hash-Table\002-Hash-Function\1.MyArray.js
..\ES6\013-Hash-Table\002-Hash-Function\2.MyStack.js
..\ES6\013-Hash-Table\002-Hash-Function\3.MyQueue.js
..\ES6\013-Hash-Table\002-Hash-Function\4.MyLoopQueue.js
..\ES6\013-Hash-Table\002-Hash-Function\5.MyLinkedListNode.js
..\ES6\013-Hash-Table\002-Hash-Function\6.MyLinkedList.js
..\ES6\013-Hash-Table\002-Hash-Function\7.MyLinkedListStack.js
..\ES6\013-Hash-Table\002-Hash-Function\8.MyLinkedListQueue.js
..\ES6\013-Hash-Table\002-Hash-Function\9.MyBinarySearchTreeNode.js
..\ES6\013-Hash-Table\002-Hash-Function\10.MyBinarySearchTree.js
..\ES6\013-Hash-Table\002-Hash-Function\11.MyBinarySearchTreeSet.js
..\ES6\013-Hash-Table\002-Hash-Function\12.MyLinkedListSet.js
..\ES6\013-Hash-Table\002-Hash-Function\13.MyLinkedListMapNode.js
..\ES6\013-Hash-Table\002-Hash-Function\14.MyBinarySearchTreeMapNode.js
..\ES6\013-Hash-Table\002-Hash-Function\15.MyLinkedListMap.js
..\ES6\013-Hash-Table\002-Hash-Function\16.MyBinarySearchTreeMap.js
..\ES6\013-Hash-Table\002-Hash-Function\17.MyMaxHeap.js
..\ES6\013-Hash-Table\002-Hash-Function\18.MyPriorityQueue.js
..\ES6\013-Hash-Table\002-Hash-Function\19.MySegmentTree.js
..\ES6\013-Hash-Table\002-Hash-Function\20.MyTrieNode.js
..\ES6\013-Hash-Table\002-Hash-Function\21.MyTrie.js
..\ES6\013-Hash-Table\002-Hash-Function\22.MyTrieSet.js
..\ES6\013-Hash-Table\002-Hash-Function\23.MyTrieNodeUpgrade.js
..\ES6\013-Hash-Table\002-Hash-Function\24.MyTrieUpgrade.js
..\ES6\013-Hash-Table\002-Hash-Function\25.MyTrieMap.js
..\ES6\013-Hash-Table\002-Hash-Function\26.MyUnionFind.js
..\ES6\013-Hash-Table\002-Hash-Function\27.MyUnionFindOne.js
..\ES6\013-Hash-Table\002-Hash-Function\28.MyUnionFindTwo.js
..\ES6\013-Hash-Table\002-Hash-Function\29.MyUnionFindThree.js
..\ES6\013-Hash-Table\002-Hash-Function\30.MyUnionFindFour.js
..\ES6\013-Hash-Table\002-Hash-Function\31.MyUnionFindFive.js
..\ES6\013-Hash-Table\002-Hash-Function\32.MyUnionFindSix.js
..\ES6\013-Hash-Table\002-Hash-Function\33.MyAVLTreeNode.js
..\ES6\013-Hash-Table\002-Hash-Function\34.MyAVLTree.js
..\ES6\013-Hash-Table\002-Hash-Function\35.MyAVLTreeSet.js
..\ES6\013-Hash-Table\002-Hash-Function\36.MyAVLTreeMap.js
..\ES6\013-Hash-Table\002-Hash-Function\37.MyRedBalckTreeNode.js
..\ES6\013-Hash-Table\002-Hash-Function\38.MyRedBlackTree.js
..\ES6\013-Hash-Table\002-Hash-Function\39.MyRedBlackSet.js
..\ES6\013-Hash-Table\002-Hash-Function\40.MyRedBlackMap.js
..\ES6\013-Hash-Table\002-Hash-Function\41.Main.js
..\ES6\013-Hash-Table\002-Hash-Function\42.PerformanceTest.js
..\ES6\013-Hash-Table\002-Hash-Function\43.ListNode.js
..\ES6\013-Hash-Table\002-Hash-Function\44.Calc.js
..\ES6\013-Hash-Table\002-Hash-Function\45.Solution.js
..\ES6\013-Hash-Table\002-Hash-Function\46.Student.js
