..\ES6\006-Set-And-Map\006-Create-Our-Own-LinekdListMap\1.MyArray.js
..\ES6\006-Set-And-Map\006-Create-Our-Own-LinekdListMap\2.MyStack.js
..\ES6\006-Set-And-Map\006-Create-Our-Own-LinekdListMap\3.MyQueue.js
..\ES6\006-Set-And-Map\006-Create-Our-Own-LinekdListMap\4.MyLoopQueue.js
..\ES6\006-Set-And-Map\006-Create-Our-Own-LinekdListMap\5.MyLinkedListNode.js
..\ES6\006-Set-And-Map\006-Create-Our-Own-LinekdListMap\6.MyLinkedList.js
..\ES6\006-Set-And-Map\006-Create-Our-Own-LinekdListMap\7.MyLinkedListStack.js
..\ES6\006-Set-And-Map\006-Create-Our-Own-LinekdListMap\8.MyLinkedListQueue.js
..\ES6\006-Set-And-Map\006-Create-Our-Own-LinekdListMap\9.MyBinarySearchTreeNode.js
..\ES6\006-Set-And-Map\006-Create-Our-Own-LinekdListMap\10.MyBinarySearchTree.js
..\ES6\006-Set-And-Map\006-Create-Our-Own-LinekdListMap\11.MyBinarySearchTreeSet.js
..\ES6\006-Set-And-Map\006-Create-Our-Own-LinekdListMap\12.MyLinkedListSet.js
..\ES6\006-Set-And-Map\006-Create-Our-Own-LinekdListMap\13.MyLinkedListMapNode.js
..\ES6\006-Set-And-Map\006-Create-Our-Own-LinekdListMap\14.MyBinarySearchTreeMapNode.js
..\ES6\006-Set-And-Map\006-Create-Our-Own-LinekdListMap\15.MyLinkedListMap.js
..\ES6\006-Set-And-Map\006-Create-Our-Own-LinekdListMap\16.Main.js
..\ES6\006-Set-And-Map\006-Create-Our-Own-LinekdListMap\17.PerformanceTest.js
..\ES6\006-Set-And-Map\006-Create-Our-Own-LinekdListMap\18.ListNode.js
..\ES6\006-Set-And-Map\006-Create-Our-Own-LinekdListMap\19.Calc.js
..\ES6\006-Set-And-Map\006-Create-Our-Own-LinekdListMap\20.Solution.js
..\ES6\006-Set-And-Map\006-Create-Our-Own-LinekdListMap\21.Student.js
