..\ES6\007-Heap-And-Priority-Queue\005-Priority-Queue\1.MyArray.js
..\ES6\007-Heap-And-Priority-Queue\005-Priority-Queue\2.MyStack.js
..\ES6\007-Heap-And-Priority-Queue\005-Priority-Queue\3.MyQueue.js
..\ES6\007-Heap-And-Priority-Queue\005-Priority-Queue\4.MyLoopQueue.js
..\ES6\007-Heap-And-Priority-Queue\005-Priority-Queue\5.MyLinkedListNode.js
..\ES6\007-Heap-And-Priority-Queue\005-Priority-Queue\6.MyLinkedList.js
..\ES6\007-Heap-And-Priority-Queue\005-Priority-Queue\7.MyLinkedListStack.js
..\ES6\007-Heap-And-Priority-Queue\005-Priority-Queue\8.MyLinkedListQueue.js
..\ES6\007-Heap-And-Priority-Queue\005-Priority-Queue\9.MyBinarySearchTreeNode.js
..\ES6\007-Heap-And-Priority-Queue\005-Priority-Queue\10.MyBinarySearchTree.js
..\ES6\007-Heap-And-Priority-Queue\005-Priority-Queue\11.MyBinarySearchTreeSet.js
..\ES6\007-Heap-And-Priority-Queue\005-Priority-Queue\12.MyLinkedListSet.js
..\ES6\007-Heap-And-Priority-Queue\005-Priority-Queue\13.MyLinkedListMapNode.js
..\ES6\007-Heap-And-Priority-Queue\005-Priority-Queue\14.MyBinarySearchTreeMapNode.js
..\ES6\007-Heap-And-Priority-Queue\005-Priority-Queue\15.MyLinkedListMap.js
..\ES6\007-Heap-And-Priority-Queue\005-Priority-Queue\16.MyBinarySearchTreeMap.js
..\ES6\007-Heap-And-Priority-Queue\005-Priority-Queue\17.MyMaxHeap.js
..\ES6\007-Heap-And-Priority-Queue\005-Priority-Queue\18.MyPriorityQueue.js
..\ES6\007-Heap-And-Priority-Queue\005-Priority-Queue\19.Main.js
..\ES6\007-Heap-And-Priority-Queue\005-Priority-Queue\20.PerformanceTest.js
..\ES6\007-Heap-And-Priority-Queue\005-Priority-Queue\21.ListNode.js
..\ES6\007-Heap-And-Priority-Queue\005-Priority-Queue\22.Calc.js
..\ES6\007-Heap-And-Priority-Queue\005-Priority-Queue\23.Solution.js
..\ES6\007-Heap-And-Priority-Queue\005-Priority-Queue\24.Student.js
