..\ES6\013-Hash-Table\004-Resizing-In-Hash-Table\1.MyArray.js
..\ES6\013-Hash-Table\004-Resizing-In-Hash-Table\2.MyStack.js
..\ES6\013-Hash-Table\004-Resizing-In-Hash-Table\3.MyQueue.js
..\ES6\013-Hash-Table\004-Resizing-In-Hash-Table\4.MyLoopQueue.js
..\ES6\013-Hash-Table\004-Resizing-In-Hash-Table\5.MyLinkedListNode.js
..\ES6\013-Hash-Table\004-Resizing-In-Hash-Table\6.MyLinkedList.js
..\ES6\013-Hash-Table\004-Resizing-In-Hash-Table\7.MyLinkedListStack.js
..\ES6\013-Hash-Table\004-Resizing-In-Hash-Table\8.MyLinkedListQueue.js
..\ES6\013-Hash-Table\004-Resizing-In-Hash-Table\9.MyBinarySearchTreeNode.js
..\ES6\013-Hash-Table\004-Resizing-In-Hash-Table\10.MyBinarySearchTree.js
..\ES6\013-Hash-Table\004-Resizing-In-Hash-Table\11.MyBinarySearchTreeSet.js
..\ES6\013-Hash-Table\004-Resizing-In-Hash-Table\12.MyLinkedListSet.js
..\ES6\013-Hash-Table\004-Resizing-In-Hash-Table\13.MyLinkedListMapNode.js
..\ES6\013-Hash-Table\004-Resizing-In-Hash-Table\14.MyBinarySearchTreeMapNode.js
..\ES6\013-Hash-Table\004-Resizing-In-Hash-Table\15.MyLinkedListMap.js
..\ES6\013-Hash-Table\004-Resizing-In-Hash-Table\16.MyBinarySearchTreeMap.js
..\ES6\013-Hash-Table\004-Resizing-In-Hash-Table\17.MyMaxHeap.js
..\ES6\013-Hash-Table\004-Resizing-In-Hash-Table\18.MyPriorityQueue.js
..\ES6\013-Hash-Table\004-Resizing-In-Hash-Table\19.MySegmentTree.js
..\ES6\013-Hash-Table\004-Resizing-In-Hash-Table\20.MyTrieNode.js
..\ES6\013-Hash-Table\004-Resizing-In-Hash-Table\21.MyTrie.js
..\ES6\013-Hash-Table\004-Resizing-In-Hash-Table\22.MyTrieSet.js
..\ES6\013-Hash-Table\004-Resizing-In-Hash-Table\23.MyTrieNodeUpgrade.js
..\ES6\013-Hash-Table\004-Resizing-In-Hash-Table\24.MyTrieUpgrade.js
..\ES6\013-Hash-Table\004-Resizing-In-Hash-Table\25.MyTrieMap.js
..\ES6\013-Hash-Table\004-Resizing-In-Hash-Table\26.MyUnionFind.js
..\ES6\013-Hash-Table\004-Resizing-In-Hash-Table\27.MyUnionFindOne.js
..\ES6\013-Hash-Table\004-Resizing-In-Hash-Table\28.MyUnionFindTwo.js
..\ES6\013-Hash-Table\004-Resizing-In-Hash-Table\29.MyUnionFindThree.js
..\ES6\013-Hash-Table\004-Resizing-In-Hash-Table\30.MyUnionFindFour.js
..\ES6\013-Hash-Table\004-Resizing-In-Hash-Table\31.MyUnionFindFive.js
..\ES6\013-Hash-Table\004-Resizing-In-Hash-Table\32.MyUnionFindSix.js
..\ES6\013-Hash-Table\004-Resizing-In-Hash-Table\33.MyAVLTreeNode.js
..\ES6\013-Hash-Table\004-Resizing-In-Hash-Table\34.MyAVLTree.js
..\ES6\013-Hash-Table\004-Resizing-In-Hash-Table\35.MyAVLTreeSet.js
..\ES6\013-Hash-Table\004-Resizing-In-Hash-Table\36.MyAVLTreeMap.js
..\ES6\013-Hash-Table\004-Resizing-In-Hash-Table\37.MyRedBalckTreeNode.js
..\ES6\013-Hash-Table\004-Resizing-In-Hash-Table\38.MyRedBlackTree.js
..\ES6\013-Hash-Table\004-Resizing-In-Hash-Table\39.MyRedBlackSet.js
..\ES6\013-Hash-Table\004-Resizing-In-Hash-Table\40.MyRedBlackMap.js
..\ES6\013-Hash-Table\004-Resizing-In-Hash-Table\41.MyHash.js
..\ES6\013-Hash-Table\004-Resizing-In-Hash-Table\42.MyHashTableByAVLTree.js
..\ES6\013-Hash-Table\004-Resizing-In-Hash-Table\43.Main.js
..\ES6\013-Hash-Table\004-Resizing-In-Hash-Table\44.PerformanceTest.js
..\ES6\013-Hash-Table\004-Resizing-In-Hash-Table\45.ListNode.js
..\ES6\013-Hash-Table\004-Resizing-In-Hash-Table\46.Calc.js
..\ES6\013-Hash-Table\004-Resizing-In-Hash-Table\47.Solution.js
..\ES6\013-Hash-Table\004-Resizing-In-Hash-Table\48.Student.js
