..\ES6\011-AVL-Tree\005-LR-And-RL-In-AVLTree\1.MyArray.js
..\ES6\011-AVL-Tree\005-LR-And-RL-In-AVLTree\2.MyStack.js
..\ES6\011-AVL-Tree\005-LR-And-RL-In-AVLTree\3.MyQueue.js
..\ES6\011-AVL-Tree\005-LR-And-RL-In-AVLTree\4.MyLoopQueue.js
..\ES6\011-AVL-Tree\005-LR-And-RL-In-AVLTree\5.MyLinkedListNode.js
..\ES6\011-AVL-Tree\005-LR-And-RL-In-AVLTree\6.MyLinkedList.js
..\ES6\011-AVL-Tree\005-LR-And-RL-In-AVLTree\7.MyLinkedListStack.js
..\ES6\011-AVL-Tree\005-LR-And-RL-In-AVLTree\8.MyLinkedListQueue.js
..\ES6\011-AVL-Tree\005-LR-And-RL-In-AVLTree\9.MyBinarySearchTreeNode.js
..\ES6\011-AVL-Tree\005-LR-And-RL-In-AVLTree\10.MyBinarySearchTree.js
..\ES6\011-AVL-Tree\005-LR-And-RL-In-AVLTree\11.MyBinarySearchTreeSet.js
..\ES6\011-AVL-Tree\005-LR-And-RL-In-AVLTree\12.MyLinkedListSet.js
..\ES6\011-AVL-Tree\005-LR-And-RL-In-AVLTree\13.MyLinkedListMapNode.js
..\ES6\011-AVL-Tree\005-LR-And-RL-In-AVLTree\14.MyBinarySearchTreeMapNode.js
..\ES6\011-AVL-Tree\005-LR-And-RL-In-AVLTree\15.MyLinkedListMap.js
..\ES6\011-AVL-Tree\005-LR-And-RL-In-AVLTree\16.MyBinarySearchTreeMap.js
..\ES6\011-AVL-Tree\005-LR-And-RL-In-AVLTree\17.MyMaxHeap.js
..\ES6\011-AVL-Tree\005-LR-And-RL-In-AVLTree\18.MyPriorityQueue.js
..\ES6\011-AVL-Tree\005-LR-And-RL-In-AVLTree\19.MySegmentTree.js
..\ES6\011-AVL-Tree\005-LR-And-RL-In-AVLTree\20.MyTrieNode.js
..\ES6\011-AVL-Tree\005-LR-And-RL-In-AVLTree\21.MyTrie.js
..\ES6\011-AVL-Tree\005-LR-And-RL-In-AVLTree\22.MyTrieSet.js
..\ES6\011-AVL-Tree\005-LR-And-RL-In-AVLTree\23.MyTrieNodeUpgrade.js
..\ES6\011-AVL-Tree\005-LR-And-RL-In-AVLTree\24.MyTrieUpgrade.js
..\ES6\011-AVL-Tree\005-LR-And-RL-In-AVLTree\25.MyTrieMap.js
..\ES6\011-AVL-Tree\005-LR-And-RL-In-AVLTree\26.MyUnionFind.js
..\ES6\011-AVL-Tree\005-LR-And-RL-In-AVLTree\27.MyUnionFindOne.js
..\ES6\011-AVL-Tree\005-LR-And-RL-In-AVLTree\28.MyUnionFindTwo.js
..\ES6\011-AVL-Tree\005-LR-And-RL-In-AVLTree\29.MyUnionFindThree.js
..\ES6\011-AVL-Tree\005-LR-And-RL-In-AVLTree\30.MyUnionFindFour.js
..\ES6\011-AVL-Tree\005-LR-And-RL-In-AVLTree\31.MyUnionFindFive.js
..\ES6\011-AVL-Tree\005-LR-And-RL-In-AVLTree\32.MyUnionFindSix.js
..\ES6\011-AVL-Tree\005-LR-And-RL-In-AVLTree\33.MyAVLTreeNode.js
..\ES6\011-AVL-Tree\005-LR-And-RL-In-AVLTree\34.MyAVLTree.js
..\ES6\011-AVL-Tree\005-LR-And-RL-In-AVLTree\35.Main.js
..\ES6\011-AVL-Tree\005-LR-And-RL-In-AVLTree\36.PerformanceTest.js
..\ES6\011-AVL-Tree\005-LR-And-RL-In-AVLTree\37.ListNode.js
..\ES6\011-AVL-Tree\005-LR-And-RL-In-AVLTree\38.Calc.js
..\ES6\011-AVL-Tree\005-LR-And-RL-In-AVLTree\39.Solution.js
..\ES6\011-AVL-Tree\005-LR-And-RL-In-AVLTree\40.Student.js
