..\ES6\012-Red-Black-Tree\003-Flip-Colors-And-Right-Rotation\1.MyArray.js
..\ES6\012-Red-Black-Tree\003-Flip-Colors-And-Right-Rotation\2.MyStack.js
..\ES6\012-Red-Black-Tree\003-Flip-Colors-And-Right-Rotation\3.MyQueue.js
..\ES6\012-Red-Black-Tree\003-Flip-Colors-And-Right-Rotation\4.MyLoopQueue.js
..\ES6\012-Red-Black-Tree\003-Flip-Colors-And-Right-Rotation\5.MyLinkedListNode.js
..\ES6\012-Red-Black-Tree\003-Flip-Colors-And-Right-Rotation\6.MyLinkedList.js
..\ES6\012-Red-Black-Tree\003-Flip-Colors-And-Right-Rotation\7.MyLinkedListStack.js
..\ES6\012-Red-Black-Tree\003-Flip-Colors-And-Right-Rotation\8.MyLinkedListQueue.js
..\ES6\012-Red-Black-Tree\003-Flip-Colors-And-Right-Rotation\9.MyBinarySearchTreeNode.js
..\ES6\012-Red-Black-Tree\003-Flip-Colors-And-Right-Rotation\10.MyBinarySearchTree.js
..\ES6\012-Red-Black-Tree\003-Flip-Colors-And-Right-Rotation\11.MyBinarySearchTreeSet.js
..\ES6\012-Red-Black-Tree\003-Flip-Colors-And-Right-Rotation\12.MyLinkedListSet.js
..\ES6\012-Red-Black-Tree\003-Flip-Colors-And-Right-Rotation\13.MyLinkedListMapNode.js
..\ES6\012-Red-Black-Tree\003-Flip-Colors-And-Right-Rotation\14.MyBinarySearchTreeMapNode.js
..\ES6\012-Red-Black-Tree\003-Flip-Colors-And-Right-Rotation\15.MyLinkedListMap.js
..\ES6\012-Red-Black-Tree\003-Flip-Colors-And-Right-Rotation\16.MyBinarySearchTreeMap.js
..\ES6\012-Red-Black-Tree\003-Flip-Colors-And-Right-Rotation\17.MyMaxHeap.js
..\ES6\012-Red-Black-Tree\003-Flip-Colors-And-Right-Rotation\18.MyPriorityQueue.js
..\ES6\012-Red-Black-Tree\003-Flip-Colors-And-Right-Rotation\19.MySegmentTree.js
..\ES6\012-Red-Black-Tree\003-Flip-Colors-And-Right-Rotation\20.MyTrieNode.js
..\ES6\012-Red-Black-Tree\003-Flip-Colors-And-Right-Rotation\21.MyTrie.js
..\ES6\012-Red-Black-Tree\003-Flip-Colors-And-Right-Rotation\22.MyTrieSet.js
..\ES6\012-Red-Black-Tree\003-Flip-Colors-And-Right-Rotation\23.MyTrieNodeUpgrade.js
..\ES6\012-Red-Black-Tree\003-Flip-Colors-And-Right-Rotation\24.MyTrieUpgrade.js
..\ES6\012-Red-Black-Tree\003-Flip-Colors-And-Right-Rotation\25.MyTrieMap.js
..\ES6\012-Red-Black-Tree\003-Flip-Colors-And-Right-Rotation\26.MyUnionFind.js
..\ES6\012-Red-Black-Tree\003-Flip-Colors-And-Right-Rotation\27.MyUnionFindOne.js
..\ES6\012-Red-Black-Tree\003-Flip-Colors-And-Right-Rotation\28.MyUnionFindTwo.js
..\ES6\012-Red-Black-Tree\003-Flip-Colors-And-Right-Rotation\29.MyUnionFindThree.js
..\ES6\012-Red-Black-Tree\003-Flip-Colors-And-Right-Rotation\30.MyUnionFindFour.js
..\ES6\012-Red-Black-Tree\003-Flip-Colors-And-Right-Rotation\31.MyUnionFindFive.js
..\ES6\012-Red-Black-Tree\003-Flip-Colors-And-Right-Rotation\32.MyUnionFindSix.js
..\ES6\012-Red-Black-Tree\003-Flip-Colors-And-Right-Rotation\33.MyAVLTreeNode.js
..\ES6\012-Red-Black-Tree\003-Flip-Colors-And-Right-Rotation\34.MyAVLTree.js
..\ES6\012-Red-Black-Tree\003-Flip-Colors-And-Right-Rotation\35.MyAVLTreeSet.js
..\ES6\012-Red-Black-Tree\003-Flip-Colors-And-Right-Rotation\36.MyAVLTreeMap.js
..\ES6\012-Red-Black-Tree\003-Flip-Colors-And-Right-Rotation\37.MyRedBalckTreeNode.js
..\ES6\012-Red-Black-Tree\003-Flip-Colors-And-Right-Rotation\38.MyRedBlackTree.js
..\ES6\012-Red-Black-Tree\003-Flip-Colors-And-Right-Rotation\39.Main.js
..\ES6\012-Red-Black-Tree\003-Flip-Colors-And-Right-Rotation\40.PerformanceTest.js
..\ES6\012-Red-Black-Tree\003-Flip-Colors-And-Right-Rotation\41.ListNode.js
..\ES6\012-Red-Black-Tree\003-Flip-Colors-And-Right-Rotation\42.Calc.js
..\ES6\012-Red-Black-Tree\003-Flip-Colors-And-Right-Rotation\43.Solution.js
..\ES6\012-Red-Black-Tree\003-Flip-Colors-And-Right-Rotation\44.Student.js
