..\ES6\012-Red-Black-Tree\005-Time-Complexity-Of-Red-Black-Tree\1.MyArray.js
..\ES6\012-Red-Black-Tree\005-Time-Complexity-Of-Red-Black-Tree\2.MyStack.js
..\ES6\012-Red-Black-Tree\005-Time-Complexity-Of-Red-Black-Tree\3.MyQueue.js
..\ES6\012-Red-Black-Tree\005-Time-Complexity-Of-Red-Black-Tree\4.MyLoopQueue.js
..\ES6\012-Red-Black-Tree\005-Time-Complexity-Of-Red-Black-Tree\5.MyLinkedListNode.js
..\ES6\012-Red-Black-Tree\005-Time-Complexity-Of-Red-Black-Tree\6.MyLinkedList.js
..\ES6\012-Red-Black-Tree\005-Time-Complexity-Of-Red-Black-Tree\7.MyLinkedListStack.js
..\ES6\012-Red-Black-Tree\005-Time-Complexity-Of-Red-Black-Tree\8.MyLinkedListQueue.js
..\ES6\012-Red-Black-Tree\005-Time-Complexity-Of-Red-Black-Tree\9.MyBinarySearchTreeNode.js
..\ES6\012-Red-Black-Tree\005-Time-Complexity-Of-Red-Black-Tree\10.MyBinarySearchTree.js
..\ES6\012-Red-Black-Tree\005-Time-Complexity-Of-Red-Black-Tree\11.MyBinarySearchTreeSet.js
..\ES6\012-Red-Black-Tree\005-Time-Complexity-Of-Red-Black-Tree\12.MyLinkedListSet.js
..\ES6\012-Red-Black-Tree\005-Time-Complexity-Of-Red-Black-Tree\13.MyLinkedListMapNode.js
..\ES6\012-Red-Black-Tree\005-Time-Complexity-Of-Red-Black-Tree\14.MyBinarySearchTreeMapNode.js
..\ES6\012-Red-Black-Tree\005-Time-Complexity-Of-Red-Black-Tree\15.MyLinkedListMap.js
..\ES6\012-Red-Black-Tree\005-Time-Complexity-Of-Red-Black-Tree\16.MyBinarySearchTreeMap.js
..\ES6\012-Red-Black-Tree\005-Time-Complexity-Of-Red-Black-Tree\17.MyMaxHeap.js
..\ES6\012-Red-Black-Tree\005-Time-Complexity-Of-Red-Black-Tree\18.MyPriorityQueue.js
..\ES6\012-Red-Black-Tree\005-Time-Complexity-Of-Red-Black-Tree\19.MySegmentTree.js
..\ES6\012-Red-Black-Tree\005-Time-Complexity-Of-Red-Black-Tree\20.MyTrieNode.js
..\ES6\012-Red-Black-Tree\005-Time-Complexity-Of-Red-Black-Tree\21.MyTrie.js
..\ES6\012-Red-Black-Tree\005-Time-Complexity-Of-Red-Black-Tree\22.MyTrieSet.js
..\ES6\012-Red-Black-Tree\005-Time-Complexity-Of-Red-Black-Tree\23.MyTrieNodeUpgrade.js
..\ES6\012-Red-Black-Tree\005-Time-Complexity-Of-Red-Black-Tree\24.MyTrieUpgrade.js
..\ES6\012-Red-Black-Tree\005-Time-Complexity-Of-Red-Black-Tree\25.MyTrieMap.js
..\ES6\012-Red-Black-Tree\005-Time-Complexity-Of-Red-Black-Tree\26.MyUnionFind.js
..\ES6\012-Red-Black-Tree\005-Time-Complexity-Of-Red-Black-Tree\27.MyUnionFindOne.js
..\ES6\012-Red-Black-Tree\005-Time-Complexity-Of-Red-Black-Tree\28.MyUnionFindTwo.js
..\ES6\012-Red-Black-Tree\005-Time-Complexity-Of-Red-Black-Tree\29.MyUnionFindThree.js
..\ES6\012-Red-Black-Tree\005-Time-Complexity-Of-Red-Black-Tree\30.MyUnionFindFour.js
..\ES6\012-Red-Black-Tree\005-Time-Complexity-Of-Red-Black-Tree\31.MyUnionFindFive.js
..\ES6\012-Red-Black-Tree\005-Time-Complexity-Of-Red-Black-Tree\32.MyUnionFindSix.js
..\ES6\012-Red-Black-Tree\005-Time-Complexity-Of-Red-Black-Tree\33.MyAVLTreeNode.js
..\ES6\012-Red-Black-Tree\005-Time-Complexity-Of-Red-Black-Tree\34.MyAVLTree.js
..\ES6\012-Red-Black-Tree\005-Time-Complexity-Of-Red-Black-Tree\35.MyAVLTreeSet.js
..\ES6\012-Red-Black-Tree\005-Time-Complexity-Of-Red-Black-Tree\36.MyAVLTreeMap.js
..\ES6\012-Red-Black-Tree\005-Time-Complexity-Of-Red-Black-Tree\37.MyRedBalckTreeNode.js
..\ES6\012-Red-Black-Tree\005-Time-Complexity-Of-Red-Black-Tree\38.MyRedBlackTree.js
..\ES6\012-Red-Black-Tree\005-Time-Complexity-Of-Red-Black-Tree\39.Main.js
..\ES6\012-Red-Black-Tree\005-Time-Complexity-Of-Red-Black-Tree\40.PerformanceTest.js
..\ES6\012-Red-Black-Tree\005-Time-Complexity-Of-Red-Black-Tree\41.ListNode.js
..\ES6\012-Red-Black-Tree\005-Time-Complexity-Of-Red-Black-Tree\42.Calc.js
..\ES6\012-Red-Black-Tree\005-Time-Complexity-Of-Red-Black-Tree\43.Solution.js
..\ES6\012-Red-Black-Tree\005-Time-Complexity-Of-Red-Black-Tree\44.Student.js
