..\ES6\009-Trie\006-Trie-About\1.MyArray.js
..\ES6\009-Trie\006-Trie-About\2.MyStack.js
..\ES6\009-Trie\006-Trie-About\3.MyQueue.js
..\ES6\009-Trie\006-Trie-About\4.MyLoopQueue.js
..\ES6\009-Trie\006-Trie-About\5.MyLinkedListNode.js
..\ES6\009-Trie\006-Trie-About\6.MyLinkedList.js
..\ES6\009-Trie\006-Trie-About\7.MyLinkedListStack.js
..\ES6\009-Trie\006-Trie-About\8.MyLinkedListQueue.js
..\ES6\009-Trie\006-Trie-About\9.MyBinarySearchTreeNode.js
..\ES6\009-Trie\006-Trie-About\10.MyBinarySearchTree.js
..\ES6\009-Trie\006-Trie-About\11.MyBinarySearchTreeSet.js
..\ES6\009-Trie\006-Trie-About\12.MyLinkedListSet.js
..\ES6\009-Trie\006-Trie-About\13.MyLinkedListMapNode.js
..\ES6\009-Trie\006-Trie-About\14.MyBinarySearchTreeMapNode.js
..\ES6\009-Trie\006-Trie-About\15.MyLinkedListMap.js
..\ES6\009-Trie\006-Trie-About\16.MyBinarySearchTreeMap.js
..\ES6\009-Trie\006-Trie-About\17.MyMaxHeap.js
..\ES6\009-Trie\006-Trie-About\18.MyPriorityQueue.js
..\ES6\009-Trie\006-Trie-About\19.MySegmentTree.js
..\ES6\009-Trie\006-Trie-About\20.MyTrieNode.js
..\ES6\009-Trie\006-Trie-About\21.MyTrie.js
..\ES6\009-Trie\006-Trie-About\22.MyTrieSet.js
..\ES6\009-Trie\006-Trie-About\23.MyTrieNodeUpgrade.js
..\ES6\009-Trie\006-Trie-About\24.MyTrieUpgrade.js
..\ES6\009-Trie\006-Trie-About\25.MyTrieMap.js
..\ES6\009-Trie\006-Trie-About\26.Main.js
..\ES6\009-Trie\006-Trie-About\27.PerformanceTest.js
..\ES6\009-Trie\006-Trie-About\28.ListNode.js
..\ES6\009-Trie\006-Trie-About\29.Calc.js
..\ES6\009-Trie\006-Trie-About\30.Solution.js
..\ES6\009-Trie\006-Trie-About\31.Student.js
