..\ES6\007-Heap-And-Priority-Queue\004-Heapify-And-Replace-In-Heap\1.MyArray.js
..\ES6\007-Heap-And-Priority-Queue\004-Heapify-And-Replace-In-Heap\2.MyStack.js
..\ES6\007-Heap-And-Priority-Queue\004-Heapify-And-Replace-In-Heap\3.MyQueue.js
..\ES6\007-Heap-And-Priority-Queue\004-Heapify-And-Replace-In-Heap\4.MyLoopQueue.js
..\ES6\007-Heap-And-Priority-Queue\004-Heapify-And-Replace-In-Heap\5.MyLinkedListNode.js
..\ES6\007-Heap-And-Priority-Queue\004-Heapify-And-Replace-In-Heap\6.MyLinkedList.js
..\ES6\007-Heap-And-Priority-Queue\004-Heapify-And-Replace-In-Heap\7.MyLinkedListStack.js
..\ES6\007-Heap-And-Priority-Queue\004-Heapify-And-Replace-In-Heap\8.MyLinkedListQueue.js
..\ES6\007-Heap-And-Priority-Queue\004-Heapify-And-Replace-In-Heap\9.MyBinarySearchTreeNode.js
..\ES6\007-Heap-And-Priority-Queue\004-Heapify-And-Replace-In-Heap\10.MyBinarySearchTree.js
..\ES6\007-Heap-And-Priority-Queue\004-Heapify-And-Replace-In-Heap\11.MyBinarySearchTreeSet.js
..\ES6\007-Heap-And-Priority-Queue\004-Heapify-And-Replace-In-Heap\12.MyLinkedListSet.js
..\ES6\007-Heap-And-Priority-Queue\004-Heapify-And-Replace-In-Heap\13.MyLinkedListMapNode.js
..\ES6\007-Heap-And-Priority-Queue\004-Heapify-And-Replace-In-Heap\14.MyBinarySearchTreeMapNode.js
..\ES6\007-Heap-And-Priority-Queue\004-Heapify-And-Replace-In-Heap\15.MyLinkedListMap.js
..\ES6\007-Heap-And-Priority-Queue\004-Heapify-And-Replace-In-Heap\16.MyBinarySearchTreeMap.js
..\ES6\007-Heap-And-Priority-Queue\004-Heapify-And-Replace-In-Heap\17.MyMaxHeap.js
..\ES6\007-Heap-And-Priority-Queue\004-Heapify-And-Replace-In-Heap\18.Main.js
..\ES6\007-Heap-And-Priority-Queue\004-Heapify-And-Replace-In-Heap\19.PerformanceTest.js
..\ES6\007-Heap-And-Priority-Queue\004-Heapify-And-Replace-In-Heap\20.ListNode.js
..\ES6\007-Heap-And-Priority-Queue\004-Heapify-And-Replace-In-Heap\21.Calc.js
..\ES6\007-Heap-And-Priority-Queue\004-Heapify-And-Replace-In-Heap\22.Solution.js
..\ES6\007-Heap-And-Priority-Queue\004-Heapify-And-Replace-In-Heap\23.Student.js
