..\ES6\011-AVL-Tree\002-Checking-Balancing-And-Binary-Search-Property\1.MyArray.js
..\ES6\011-AVL-Tree\002-Checking-Balancing-And-Binary-Search-Property\2.MyStack.js
..\ES6\011-AVL-Tree\002-Checking-Balancing-And-Binary-Search-Property\3.MyQueue.js
..\ES6\011-AVL-Tree\002-Checking-Balancing-And-Binary-Search-Property\4.MyLoopQueue.js
..\ES6\011-AVL-Tree\002-Checking-Balancing-And-Binary-Search-Property\5.MyLinkedListNode.js
..\ES6\011-AVL-Tree\002-Checking-Balancing-And-Binary-Search-Property\6.MyLinkedList.js
..\ES6\011-AVL-Tree\002-Checking-Balancing-And-Binary-Search-Property\7.MyLinkedListStack.js
..\ES6\011-AVL-Tree\002-Checking-Balancing-And-Binary-Search-Property\8.MyLinkedListQueue.js
..\ES6\011-AVL-Tree\002-Checking-Balancing-And-Binary-Search-Property\9.MyBinarySearchTreeNode.js
..\ES6\011-AVL-Tree\002-Checking-Balancing-And-Binary-Search-Property\10.MyBinarySearchTree.js
..\ES6\011-AVL-Tree\002-Checking-Balancing-And-Binary-Search-Property\11.MyBinarySearchTreeSet.js
..\ES6\011-AVL-Tree\002-Checking-Balancing-And-Binary-Search-Property\12.MyLinkedListSet.js
..\ES6\011-AVL-Tree\002-Checking-Balancing-And-Binary-Search-Property\13.MyLinkedListMapNode.js
..\ES6\011-AVL-Tree\002-Checking-Balancing-And-Binary-Search-Property\14.MyBinarySearchTreeMapNode.js
..\ES6\011-AVL-Tree\002-Checking-Balancing-And-Binary-Search-Property\15.MyLinkedListMap.js
..\ES6\011-AVL-Tree\002-Checking-Balancing-And-Binary-Search-Property\16.MyBinarySearchTreeMap.js
..\ES6\011-AVL-Tree\002-Checking-Balancing-And-Binary-Search-Property\17.MyMaxHeap.js
..\ES6\011-AVL-Tree\002-Checking-Balancing-And-Binary-Search-Property\18.MyPriorityQueue.js
..\ES6\011-AVL-Tree\002-Checking-Balancing-And-Binary-Search-Property\19.MySegmentTree.js
..\ES6\011-AVL-Tree\002-Checking-Balancing-And-Binary-Search-Property\20.MyTrieNode.js
..\ES6\011-AVL-Tree\002-Checking-Balancing-And-Binary-Search-Property\21.MyTrie.js
..\ES6\011-AVL-Tree\002-Checking-Balancing-And-Binary-Search-Property\22.MyTrieSet.js
..\ES6\011-AVL-Tree\002-Checking-Balancing-And-Binary-Search-Property\23.MyTrieNodeUpgrade.js
..\ES6\011-AVL-Tree\002-Checking-Balancing-And-Binary-Search-Property\24.MyTrieUpgrade.js
..\ES6\011-AVL-Tree\002-Checking-Balancing-And-Binary-Search-Property\25.MyTrieMap.js
..\ES6\011-AVL-Tree\002-Checking-Balancing-And-Binary-Search-Property\26.MyUnionFind.js
..\ES6\011-AVL-Tree\002-Checking-Balancing-And-Binary-Search-Property\27.MyUnionFindOne.js
..\ES6\011-AVL-Tree\002-Checking-Balancing-And-Binary-Search-Property\28.MyUnionFindTwo.js
..\ES6\011-AVL-Tree\002-Checking-Balancing-And-Binary-Search-Property\29.MyUnionFindThree.js
..\ES6\011-AVL-Tree\002-Checking-Balancing-And-Binary-Search-Property\30.MyUnionFindFour.js
..\ES6\011-AVL-Tree\002-Checking-Balancing-And-Binary-Search-Property\31.MyUnionFindFive.js
..\ES6\011-AVL-Tree\002-Checking-Balancing-And-Binary-Search-Property\32.MyUnionFindSix.js
..\ES6\011-AVL-Tree\002-Checking-Balancing-And-Binary-Search-Property\33.MyAVLTreeNode.js
..\ES6\011-AVL-Tree\002-Checking-Balancing-And-Binary-Search-Property\34.MyAVLTree.js
..\ES6\011-AVL-Tree\002-Checking-Balancing-And-Binary-Search-Property\35.Main.js
..\ES6\011-AVL-Tree\002-Checking-Balancing-And-Binary-Search-Property\36.PerformanceTest.js
..\ES6\011-AVL-Tree\002-Checking-Balancing-And-Binary-Search-Property\37.ListNode.js
..\ES6\011-AVL-Tree\002-Checking-Balancing-And-Binary-Search-Property\38.Calc.js
..\ES6\011-AVL-Tree\002-Checking-Balancing-And-Binary-Search-Property\39.Solution.js
..\ES6\011-AVL-Tree\002-Checking-Balancing-And-Binary-Search-Property\40.Student.js
