..\ES6\010-UnionFind\001-UnionFind-Interface\1.MyArray.js
..\ES6\010-UnionFind\001-UnionFind-Interface\2.MyStack.js
..\ES6\010-UnionFind\001-UnionFind-Interface\3.MyQueue.js
..\ES6\010-UnionFind\001-UnionFind-Interface\4.MyLoopQueue.js
..\ES6\010-UnionFind\001-UnionFind-Interface\5.MyLinkedListNode.js
..\ES6\010-UnionFind\001-UnionFind-Interface\6.MyLinkedList.js
..\ES6\010-UnionFind\001-UnionFind-Interface\7.MyLinkedListStack.js
..\ES6\010-UnionFind\001-UnionFind-Interface\8.MyLinkedListQueue.js
..\ES6\010-UnionFind\001-UnionFind-Interface\9.MyBinarySearchTreeNode.js
..\ES6\010-UnionFind\001-UnionFind-Interface\10.MyBinarySearchTree.js
..\ES6\010-UnionFind\001-UnionFind-Interface\11.MyBinarySearchTreeSet.js
..\ES6\010-UnionFind\001-UnionFind-Interface\12.MyLinkedListSet.js
..\ES6\010-UnionFind\001-UnionFind-Interface\13.MyLinkedListMapNode.js
..\ES6\010-UnionFind\001-UnionFind-Interface\14.MyBinarySearchTreeMapNode.js
..\ES6\010-UnionFind\001-UnionFind-Interface\15.MyLinkedListMap.js
..\ES6\010-UnionFind\001-UnionFind-Interface\16.MyBinarySearchTreeMap.js
..\ES6\010-UnionFind\001-UnionFind-Interface\17.MyMaxHeap.js
..\ES6\010-UnionFind\001-UnionFind-Interface\18.MyPriorityQueue.js
..\ES6\010-UnionFind\001-UnionFind-Interface\19.MySegmentTree.js
..\ES6\010-UnionFind\001-UnionFind-Interface\20.MyTrieNode.js
..\ES6\010-UnionFind\001-UnionFind-Interface\21.MyTrie.js
..\ES6\010-UnionFind\001-UnionFind-Interface\22.MyTrieSet.js
..\ES6\010-UnionFind\001-UnionFind-Interface\23.MyTrieNodeUpgrade.js
..\ES6\010-UnionFind\001-UnionFind-Interface\24.MyTrieUpgrade.js
..\ES6\010-UnionFind\001-UnionFind-Interface\25.MyTrieMap.js
..\ES6\010-UnionFind\001-UnionFind-Interface\26.MyUnionFind.js
..\ES6\010-UnionFind\001-UnionFind-Interface\27.Main.js
..\ES6\010-UnionFind\001-UnionFind-Interface\28.PerformanceTest.js
..\ES6\010-UnionFind\001-UnionFind-Interface\29.ListNode.js
..\ES6\010-UnionFind\001-UnionFind-Interface\30.Calc.js
..\ES6\010-UnionFind\001-UnionFind-Interface\31.Solution.js
..\ES6\010-UnionFind\001-UnionFind-Interface\32.Student.js
