..\ES6\010-UnionFind\004-Optimized-By-Size\1.MyArray.js
..\ES6\010-UnionFind\004-Optimized-By-Size\2.MyStack.js
..\ES6\010-UnionFind\004-Optimized-By-Size\3.MyQueue.js
..\ES6\010-UnionFind\004-Optimized-By-Size\4.MyLoopQueue.js
..\ES6\010-UnionFind\004-Optimized-By-Size\5.MyLinkedListNode.js
..\ES6\010-UnionFind\004-Optimized-By-Size\6.MyLinkedList.js
..\ES6\010-UnionFind\004-Optimized-By-Size\7.MyLinkedListStack.js
..\ES6\010-UnionFind\004-Optimized-By-Size\8.MyLinkedListQueue.js
..\ES6\010-UnionFind\004-Optimized-By-Size\9.MyBinarySearchTreeNode.js
..\ES6\010-UnionFind\004-Optimized-By-Size\10.MyBinarySearchTree.js
..\ES6\010-UnionFind\004-Optimized-By-Size\11.MyBinarySearchTreeSet.js
..\ES6\010-UnionFind\004-Optimized-By-Size\12.MyLinkedListSet.js
..\ES6\010-UnionFind\004-Optimized-By-Size\13.MyLinkedListMapNode.js
..\ES6\010-UnionFind\004-Optimized-By-Size\14.MyBinarySearchTreeMapNode.js
..\ES6\010-UnionFind\004-Optimized-By-Size\15.MyLinkedListMap.js
..\ES6\010-UnionFind\004-Optimized-By-Size\16.MyBinarySearchTreeMap.js
..\ES6\010-UnionFind\004-Optimized-By-Size\17.MyMaxHeap.js
..\ES6\010-UnionFind\004-Optimized-By-Size\18.MyPriorityQueue.js
..\ES6\010-UnionFind\004-Optimized-By-Size\19.MySegmentTree.js
..\ES6\010-UnionFind\004-Optimized-By-Size\20.MyTrieNode.js
..\ES6\010-UnionFind\004-Optimized-By-Size\21.MyTrie.js
..\ES6\010-UnionFind\004-Optimized-By-Size\22.MyTrieSet.js
..\ES6\010-UnionFind\004-Optimized-By-Size\23.MyTrieNodeUpgrade.js
..\ES6\010-UnionFind\004-Optimized-By-Size\24.MyTrieUpgrade.js
..\ES6\010-UnionFind\004-Optimized-By-Size\25.MyTrieMap.js
..\ES6\010-UnionFind\004-Optimized-By-Size\26.MyUnionFind.js
..\ES6\010-UnionFind\004-Optimized-By-Size\27.MyUnionFindOne.js
..\ES6\010-UnionFind\004-Optimized-By-Size\28.MyUnionFindTwo.js
..\ES6\010-UnionFind\004-Optimized-By-Size\29.MyUnionFindThree.js
..\ES6\010-UnionFind\004-Optimized-By-Size\30.Main.js
..\ES6\010-UnionFind\004-Optimized-By-Size\31.PerformanceTest.js
..\ES6\010-UnionFind\004-Optimized-By-Size\32.ListNode.js
..\ES6\010-UnionFind\004-Optimized-By-Size\33.Calc.js
..\ES6\010-UnionFind\004-Optimized-By-Size\34.Solution.js
..\ES6\010-UnionFind\004-Optimized-By-Size\35.Student.js
