..\ES6\007-Heap-And-Priority-Queue\001-Heap-Basics\1.MyArray.js
..\ES6\007-Heap-And-Priority-Queue\001-Heap-Basics\2.MyStack.js
..\ES6\007-Heap-And-Priority-Queue\001-Heap-Basics\3.MyQueue.js
..\ES6\007-Heap-And-Priority-Queue\001-Heap-Basics\4.MyLoopQueue.js
..\ES6\007-Heap-And-Priority-Queue\001-Heap-Basics\5.MyLinkedListNode.js
..\ES6\007-Heap-And-Priority-Queue\001-Heap-Basics\6.MyLinkedList.js
..\ES6\007-Heap-And-Priority-Queue\001-Heap-Basics\7.MyLinkedListStack.js
..\ES6\007-Heap-And-Priority-Queue\001-Heap-Basics\8.MyLinkedListQueue.js
..\ES6\007-Heap-And-Priority-Queue\001-Heap-Basics\9.MyBinarySearchTreeNode.js
..\ES6\007-Heap-And-Priority-Queue\001-Heap-Basics\10.MyBinarySearchTree.js
..\ES6\007-Heap-And-Priority-Queue\001-Heap-Basics\11.MyBinarySearchTreeSet.js
..\ES6\007-Heap-And-Priority-Queue\001-Heap-Basics\12.MyLinkedListSet.js
..\ES6\007-Heap-And-Priority-Queue\001-Heap-Basics\13.MyLinkedListMapNode.js
..\ES6\007-Heap-And-Priority-Queue\001-Heap-Basics\14.MyBinarySearchTreeMapNode.js
..\ES6\007-Heap-And-Priority-Queue\001-Heap-Basics\15.MyLinkedListMap.js
..\ES6\007-Heap-And-Priority-Queue\001-Heap-Basics\16.MyBinarySearchTreeMap.js
..\ES6\007-Heap-And-Priority-Queue\001-Heap-Basics\17.MyMaxHeap.js
..\ES6\007-Heap-And-Priority-Queue\001-Heap-Basics\18.Main.js
..\ES6\007-Heap-And-Priority-Queue\001-Heap-Basics\19.PerformanceTest.js
..\ES6\007-Heap-And-Priority-Queue\001-Heap-Basics\20.ListNode.js
..\ES6\007-Heap-And-Priority-Queue\001-Heap-Basics\21.Calc.js
..\ES6\007-Heap-And-Priority-Queue\001-Heap-Basics\22.Solution.js
..\ES6\007-Heap-And-Priority-Queue\001-Heap-Basics\23.Student.js
