..\ES6\010-UnionFind\007-More-About-Union-Find\1.MyArray.js
..\ES6\010-UnionFind\007-More-About-Union-Find\2.MyStack.js
..\ES6\010-UnionFind\007-More-About-Union-Find\3.MyQueue.js
..\ES6\010-UnionFind\007-More-About-Union-Find\4.MyLoopQueue.js
..\ES6\010-UnionFind\007-More-About-Union-Find\5.MyLinkedListNode.js
..\ES6\010-UnionFind\007-More-About-Union-Find\6.MyLinkedList.js
..\ES6\010-UnionFind\007-More-About-Union-Find\7.MyLinkedListStack.js
..\ES6\010-UnionFind\007-More-About-Union-Find\8.MyLinkedListQueue.js
..\ES6\010-UnionFind\007-More-About-Union-Find\9.MyBinarySearchTreeNode.js
..\ES6\010-UnionFind\007-More-About-Union-Find\10.MyBinarySearchTree.js
..\ES6\010-UnionFind\007-More-About-Union-Find\11.MyBinarySearchTreeSet.js
..\ES6\010-UnionFind\007-More-About-Union-Find\12.MyLinkedListSet.js
..\ES6\010-UnionFind\007-More-About-Union-Find\13.MyLinkedListMapNode.js
..\ES6\010-UnionFind\007-More-About-Union-Find\14.MyBinarySearchTreeMapNode.js
..\ES6\010-UnionFind\007-More-About-Union-Find\15.MyLinkedListMap.js
..\ES6\010-UnionFind\007-More-About-Union-Find\16.MyBinarySearchTreeMap.js
..\ES6\010-UnionFind\007-More-About-Union-Find\17.MyMaxHeap.js
..\ES6\010-UnionFind\007-More-About-Union-Find\18.MyPriorityQueue.js
..\ES6\010-UnionFind\007-More-About-Union-Find\19.MySegmentTree.js
..\ES6\010-UnionFind\007-More-About-Union-Find\20.MyTrieNode.js
..\ES6\010-UnionFind\007-More-About-Union-Find\21.MyTrie.js
..\ES6\010-UnionFind\007-More-About-Union-Find\22.MyTrieSet.js
..\ES6\010-UnionFind\007-More-About-Union-Find\23.MyTrieNodeUpgrade.js
..\ES6\010-UnionFind\007-More-About-Union-Find\24.MyTrieUpgrade.js
..\ES6\010-UnionFind\007-More-About-Union-Find\25.MyTrieMap.js
..\ES6\010-UnionFind\007-More-About-Union-Find\26.MyUnionFind.js
..\ES6\010-UnionFind\007-More-About-Union-Find\27.MyUnionFindOne.js
..\ES6\010-UnionFind\007-More-About-Union-Find\28.MyUnionFindTwo.js
..\ES6\010-UnionFind\007-More-About-Union-Find\29.MyUnionFindThree.js
..\ES6\010-UnionFind\007-More-About-Union-Find\30.MyUnionFindFour.js
..\ES6\010-UnionFind\007-More-About-Union-Find\31.MyUnionFindFive.js
..\ES6\010-UnionFind\007-More-About-Union-Find\32.MyUnionFindSix.js
..\ES6\010-UnionFind\007-More-About-Union-Find\33.Main.js
..\ES6\010-UnionFind\007-More-About-Union-Find\34.PerformanceTest.js
..\ES6\010-UnionFind\007-More-About-Union-Find\35.ListNode.js
..\ES6\010-UnionFind\007-More-About-Union-Find\36.Calc.js
..\ES6\010-UnionFind\007-More-About-Union-Find\37.Solution.js
..\ES6\010-UnionFind\007-More-About-Union-Find\38.Student.js
