..\ES6\012-Red-Black-Tree\002-Keep-Root-Black-And-Left-Rotation\1.MyArray.js
..\ES6\012-Red-Black-Tree\002-Keep-Root-Black-And-Left-Rotation\2.MyStack.js
..\ES6\012-Red-Black-Tree\002-Keep-Root-Black-And-Left-Rotation\3.MyQueue.js
..\ES6\012-Red-Black-Tree\002-Keep-Root-Black-And-Left-Rotation\4.MyLoopQueue.js
..\ES6\012-Red-Black-Tree\002-Keep-Root-Black-And-Left-Rotation\5.MyLinkedListNode.js
..\ES6\012-Red-Black-Tree\002-Keep-Root-Black-And-Left-Rotation\6.MyLinkedList.js
..\ES6\012-Red-Black-Tree\002-Keep-Root-Black-And-Left-Rotation\7.MyLinkedListStack.js
..\ES6\012-Red-Black-Tree\002-Keep-Root-Black-And-Left-Rotation\8.MyLinkedListQueue.js
..\ES6\012-Red-Black-Tree\002-Keep-Root-Black-And-Left-Rotation\9.MyBinarySearchTreeNode.js
..\ES6\012-Red-Black-Tree\002-Keep-Root-Black-And-Left-Rotation\10.MyBinarySearchTree.js
..\ES6\012-Red-Black-Tree\002-Keep-Root-Black-And-Left-Rotation\11.MyBinarySearchTreeSet.js
..\ES6\012-Red-Black-Tree\002-Keep-Root-Black-And-Left-Rotation\12.MyLinkedListSet.js
..\ES6\012-Red-Black-Tree\002-Keep-Root-Black-And-Left-Rotation\13.MyLinkedListMapNode.js
..\ES6\012-Red-Black-Tree\002-Keep-Root-Black-And-Left-Rotation\14.MyBinarySearchTreeMapNode.js
..\ES6\012-Red-Black-Tree\002-Keep-Root-Black-And-Left-Rotation\15.MyLinkedListMap.js
..\ES6\012-Red-Black-Tree\002-Keep-Root-Black-And-Left-Rotation\16.MyBinarySearchTreeMap.js
..\ES6\012-Red-Black-Tree\002-Keep-Root-Black-And-Left-Rotation\17.MyMaxHeap.js
..\ES6\012-Red-Black-Tree\002-Keep-Root-Black-And-Left-Rotation\18.MyPriorityQueue.js
..\ES6\012-Red-Black-Tree\002-Keep-Root-Black-And-Left-Rotation\19.MySegmentTree.js
..\ES6\012-Red-Black-Tree\002-Keep-Root-Black-And-Left-Rotation\20.MyTrieNode.js
..\ES6\012-Red-Black-Tree\002-Keep-Root-Black-And-Left-Rotation\21.MyTrie.js
..\ES6\012-Red-Black-Tree\002-Keep-Root-Black-And-Left-Rotation\22.MyTrieSet.js
..\ES6\012-Red-Black-Tree\002-Keep-Root-Black-And-Left-Rotation\23.MyTrieNodeUpgrade.js
..\ES6\012-Red-Black-Tree\002-Keep-Root-Black-And-Left-Rotation\24.MyTrieUpgrade.js
..\ES6\012-Red-Black-Tree\002-Keep-Root-Black-And-Left-Rotation\25.MyTrieMap.js
..\ES6\012-Red-Black-Tree\002-Keep-Root-Black-And-Left-Rotation\26.MyUnionFind.js
..\ES6\012-Red-Black-Tree\002-Keep-Root-Black-And-Left-Rotation\27.MyUnionFindOne.js
..\ES6\012-Red-Black-Tree\002-Keep-Root-Black-And-Left-Rotation\28.MyUnionFindTwo.js
..\ES6\012-Red-Black-Tree\002-Keep-Root-Black-And-Left-Rotation\29.MyUnionFindThree.js
..\ES6\012-Red-Black-Tree\002-Keep-Root-Black-And-Left-Rotation\30.MyUnionFindFour.js
..\ES6\012-Red-Black-Tree\002-Keep-Root-Black-And-Left-Rotation\31.MyUnionFindFive.js
..\ES6\012-Red-Black-Tree\002-Keep-Root-Black-And-Left-Rotation\32.MyUnionFindSix.js
..\ES6\012-Red-Black-Tree\002-Keep-Root-Black-And-Left-Rotation\33.MyAVLTreeNode.js
..\ES6\012-Red-Black-Tree\002-Keep-Root-Black-And-Left-Rotation\34.MyAVLTree.js
..\ES6\012-Red-Black-Tree\002-Keep-Root-Black-And-Left-Rotation\35.MyAVLTreeSet.js
..\ES6\012-Red-Black-Tree\002-Keep-Root-Black-And-Left-Rotation\36.MyAVLTreeMap.js
..\ES6\012-Red-Black-Tree\002-Keep-Root-Black-And-Left-Rotation\37.MyRedBalckTreeNode.js
..\ES6\012-Red-Black-Tree\002-Keep-Root-Black-And-Left-Rotation\38.MyRedBlackTree.js
..\ES6\012-Red-Black-Tree\002-Keep-Root-Black-And-Left-Rotation\39.Main.js
..\ES6\012-Red-Black-Tree\002-Keep-Root-Black-And-Left-Rotation\40.PerformanceTest.js
..\ES6\012-Red-Black-Tree\002-Keep-Root-Black-And-Left-Rotation\41.ListNode.js
..\ES6\012-Red-Black-Tree\002-Keep-Root-Black-And-Left-Rotation\42.Calc.js
..\ES6\012-Red-Black-Tree\002-Keep-Root-Black-And-Left-Rotation\43.Solution.js
..\ES6\012-Red-Black-Tree\002-Keep-Root-Black-And-Left-Rotation\44.Student.js
