..\ES6\011-AVL-Tree\001-Calculating-Balance-Factor\1.MyArray.js
..\ES6\011-AVL-Tree\001-Calculating-Balance-Factor\2.MyStack.js
..\ES6\011-AVL-Tree\001-Calculating-Balance-Factor\3.MyQueue.js
..\ES6\011-AVL-Tree\001-Calculating-Balance-Factor\4.MyLoopQueue.js
..\ES6\011-AVL-Tree\001-Calculating-Balance-Factor\5.MyLinkedListNode.js
..\ES6\011-AVL-Tree\001-Calculating-Balance-Factor\6.MyLinkedList.js
..\ES6\011-AVL-Tree\001-Calculating-Balance-Factor\7.MyLinkedListStack.js
..\ES6\011-AVL-Tree\001-Calculating-Balance-Factor\8.MyLinkedListQueue.js
..\ES6\011-AVL-Tree\001-Calculating-Balance-Factor\9.MyBinarySearchTreeNode.js
..\ES6\011-AVL-Tree\001-Calculating-Balance-Factor\10.MyBinarySearchTree.js
..\ES6\011-AVL-Tree\001-Calculating-Balance-Factor\11.MyBinarySearchTreeSet.js
..\ES6\011-AVL-Tree\001-Calculating-Balance-Factor\12.MyLinkedListSet.js
..\ES6\011-AVL-Tree\001-Calculating-Balance-Factor\13.MyLinkedListMapNode.js
..\ES6\011-AVL-Tree\001-Calculating-Balance-Factor\14.MyBinarySearchTreeMapNode.js
..\ES6\011-AVL-Tree\001-Calculating-Balance-Factor\15.MyLinkedListMap.js
..\ES6\011-AVL-Tree\001-Calculating-Balance-Factor\16.MyBinarySearchTreeMap.js
..\ES6\011-AVL-Tree\001-Calculating-Balance-Factor\17.MyMaxHeap.js
..\ES6\011-AVL-Tree\001-Calculating-Balance-Factor\18.MyPriorityQueue.js
..\ES6\011-AVL-Tree\001-Calculating-Balance-Factor\19.MySegmentTree.js
..\ES6\011-AVL-Tree\001-Calculating-Balance-Factor\20.MyTrieNode.js
..\ES6\011-AVL-Tree\001-Calculating-Balance-Factor\21.MyTrie.js
..\ES6\011-AVL-Tree\001-Calculating-Balance-Factor\22.MyTrieSet.js
..\ES6\011-AVL-Tree\001-Calculating-Balance-Factor\23.MyTrieNodeUpgrade.js
..\ES6\011-AVL-Tree\001-Calculating-Balance-Factor\24.MyTrieUpgrade.js
..\ES6\011-AVL-Tree\001-Calculating-Balance-Factor\25.MyTrieMap.js
..\ES6\011-AVL-Tree\001-Calculating-Balance-Factor\26.MyUnionFind.js
..\ES6\011-AVL-Tree\001-Calculating-Balance-Factor\27.MyUnionFindOne.js
..\ES6\011-AVL-Tree\001-Calculating-Balance-Factor\28.MyUnionFindTwo.js
..\ES6\011-AVL-Tree\001-Calculating-Balance-Factor\29.MyUnionFindThree.js
..\ES6\011-AVL-Tree\001-Calculating-Balance-Factor\30.MyUnionFindFour.js
..\ES6\011-AVL-Tree\001-Calculating-Balance-Factor\31.MyUnionFindFive.js
..\ES6\011-AVL-Tree\001-Calculating-Balance-Factor\32.MyUnionFindSix.js
..\ES6\011-AVL-Tree\001-Calculating-Balance-Factor\33.MyAVLTreeNode.js
..\ES6\011-AVL-Tree\001-Calculating-Balance-Factor\34.MyAVLTree.js
..\ES6\011-AVL-Tree\001-Calculating-Balance-Factor\35.Main.js
..\ES6\011-AVL-Tree\001-Calculating-Balance-Factor\36.PerformanceTest.js
..\ES6\011-AVL-Tree\001-Calculating-Balance-Factor\37.ListNode.js
..\ES6\011-AVL-Tree\001-Calculating-Balance-Factor\38.Calc.js
..\ES6\011-AVL-Tree\001-Calculating-Balance-Factor\39.Solution.js
..\ES6\011-AVL-Tree\001-Calculating-Balance-Factor\40.Student.js
