..\ES6\013-Hash-Table\001-Hash-Table-Basics\1.MyArray.js
..\ES6\013-Hash-Table\001-Hash-Table-Basics\2.MyStack.js
..\ES6\013-Hash-Table\001-Hash-Table-Basics\3.MyQueue.js
..\ES6\013-Hash-Table\001-Hash-Table-Basics\4.MyLoopQueue.js
..\ES6\013-Hash-Table\001-Hash-Table-Basics\5.MyLinkedListNode.js
..\ES6\013-Hash-Table\001-Hash-Table-Basics\6.MyLinkedList.js
..\ES6\013-Hash-Table\001-Hash-Table-Basics\7.MyLinkedListStack.js
..\ES6\013-Hash-Table\001-Hash-Table-Basics\8.MyLinkedListQueue.js
..\ES6\013-Hash-Table\001-Hash-Table-Basics\9.MyBinarySearchTreeNode.js
..\ES6\013-Hash-Table\001-Hash-Table-Basics\10.MyBinarySearchTree.js
..\ES6\013-Hash-Table\001-Hash-Table-Basics\11.MyBinarySearchTreeSet.js
..\ES6\013-Hash-Table\001-Hash-Table-Basics\12.MyLinkedListSet.js
..\ES6\013-Hash-Table\001-Hash-Table-Basics\13.MyLinkedListMapNode.js
..\ES6\013-Hash-Table\001-Hash-Table-Basics\14.MyBinarySearchTreeMapNode.js
..\ES6\013-Hash-Table\001-Hash-Table-Basics\15.MyLinkedListMap.js
..\ES6\013-Hash-Table\001-Hash-Table-Basics\16.MyBinarySearchTreeMap.js
..\ES6\013-Hash-Table\001-Hash-Table-Basics\17.MyMaxHeap.js
..\ES6\013-Hash-Table\001-Hash-Table-Basics\18.MyPriorityQueue.js
..\ES6\013-Hash-Table\001-Hash-Table-Basics\19.MySegmentTree.js
..\ES6\013-Hash-Table\001-Hash-Table-Basics\20.MyTrieNode.js
..\ES6\013-Hash-Table\001-Hash-Table-Basics\21.MyTrie.js
..\ES6\013-Hash-Table\001-Hash-Table-Basics\22.MyTrieSet.js
..\ES6\013-Hash-Table\001-Hash-Table-Basics\23.MyTrieNodeUpgrade.js
..\ES6\013-Hash-Table\001-Hash-Table-Basics\24.MyTrieUpgrade.js
..\ES6\013-Hash-Table\001-Hash-Table-Basics\25.MyTrieMap.js
..\ES6\013-Hash-Table\001-Hash-Table-Basics\26.MyUnionFind.js
..\ES6\013-Hash-Table\001-Hash-Table-Basics\27.MyUnionFindOne.js
..\ES6\013-Hash-Table\001-Hash-Table-Basics\28.MyUnionFindTwo.js
..\ES6\013-Hash-Table\001-Hash-Table-Basics\29.MyUnionFindThree.js
..\ES6\013-Hash-Table\001-Hash-Table-Basics\30.MyUnionFindFour.js
..\ES6\013-Hash-Table\001-Hash-Table-Basics\31.MyUnionFindFive.js
..\ES6\013-Hash-Table\001-Hash-Table-Basics\32.MyUnionFindSix.js
..\ES6\013-Hash-Table\001-Hash-Table-Basics\33.MyAVLTreeNode.js
..\ES6\013-Hash-Table\001-Hash-Table-Basics\34.MyAVLTree.js
..\ES6\013-Hash-Table\001-Hash-Table-Basics\35.MyAVLTreeSet.js
..\ES6\013-Hash-Table\001-Hash-Table-Basics\36.MyAVLTreeMap.js
..\ES6\013-Hash-Table\001-Hash-Table-Basics\37.MyRedBalckTreeNode.js
..\ES6\013-Hash-Table\001-Hash-Table-Basics\38.MyRedBlackTree.js
..\ES6\013-Hash-Table\001-Hash-Table-Basics\39.MyRedBlackSet.js
..\ES6\013-Hash-Table\001-Hash-Table-Basics\40.MyRedBlackMap.js
..\ES6\013-Hash-Table\001-Hash-Table-Basics\41.Main.js
..\ES6\013-Hash-Table\001-Hash-Table-Basics\42.PerformanceTest.js
..\ES6\013-Hash-Table\001-Hash-Table-Basics\43.ListNode.js
..\ES6\013-Hash-Table\001-Hash-Table-Basics\44.Calc.js
..\ES6\013-Hash-Table\001-Hash-Table-Basics\45.Solution.js
..\ES6\013-Hash-Table\001-Hash-Table-Basics\46.Student.js
