..\ES6\008-Segment-Tree\001-Segment-Tree-Basics\1.MyArray.js
..\ES6\008-Segment-Tree\001-Segment-Tree-Basics\2.MyStack.js
..\ES6\008-Segment-Tree\001-Segment-Tree-Basics\3.MyQueue.js
..\ES6\008-Segment-Tree\001-Segment-Tree-Basics\4.MyLoopQueue.js
..\ES6\008-Segment-Tree\001-Segment-Tree-Basics\5.MyLinkedListNode.js
..\ES6\008-Segment-Tree\001-Segment-Tree-Basics\6.MyLinkedList.js
..\ES6\008-Segment-Tree\001-Segment-Tree-Basics\7.MyLinkedListStack.js
..\ES6\008-Segment-Tree\001-Segment-Tree-Basics\8.MyLinkedListQueue.js
..\ES6\008-Segment-Tree\001-Segment-Tree-Basics\9.MyBinarySearchTreeNode.js
..\ES6\008-Segment-Tree\001-Segment-Tree-Basics\10.MyBinarySearchTree.js
..\ES6\008-Segment-Tree\001-Segment-Tree-Basics\11.MyBinarySearchTreeSet.js
..\ES6\008-Segment-Tree\001-Segment-Tree-Basics\12.MyLinkedListSet.js
..\ES6\008-Segment-Tree\001-Segment-Tree-Basics\13.MyLinkedListMapNode.js
..\ES6\008-Segment-Tree\001-Segment-Tree-Basics\14.MyBinarySearchTreeMapNode.js
..\ES6\008-Segment-Tree\001-Segment-Tree-Basics\15.MyLinkedListMap.js
..\ES6\008-Segment-Tree\001-Segment-Tree-Basics\16.MyBinarySearchTreeMap.js
..\ES6\008-Segment-Tree\001-Segment-Tree-Basics\17.MyMaxHeap.js
..\ES6\008-Segment-Tree\001-Segment-Tree-Basics\18.MyPriorityQueue.js
..\ES6\008-Segment-Tree\001-Segment-Tree-Basics\19.MySegmentTree.js
..\ES6\008-Segment-Tree\001-Segment-Tree-Basics\20.Main.js
..\ES6\008-Segment-Tree\001-Segment-Tree-Basics\21.PerformanceTest.js
..\ES6\008-Segment-Tree\001-Segment-Tree-Basics\22.ListNode.js
..\ES6\008-Segment-Tree\001-Segment-Tree-Basics\23.Calc.js
..\ES6\008-Segment-Tree\001-Segment-Tree-Basics\24.Solution.js
..\ES6\008-Segment-Tree\001-Segment-Tree-Basics\25.Student.js
