..\ES6\006-Set-And-Map\008-Time-Complexity-Of-Map\1.MyArray.js
..\ES6\006-Set-And-Map\008-Time-Complexity-Of-Map\2.MyStack.js
..\ES6\006-Set-And-Map\008-Time-Complexity-Of-Map\3.MyQueue.js
..\ES6\006-Set-And-Map\008-Time-Complexity-Of-Map\4.MyLoopQueue.js
..\ES6\006-Set-And-Map\008-Time-Complexity-Of-Map\5.MyLinkedListNode.js
..\ES6\006-Set-And-Map\008-Time-Complexity-Of-Map\6.MyLinkedList.js
..\ES6\006-Set-And-Map\008-Time-Complexity-Of-Map\7.MyLinkedListStack.js
..\ES6\006-Set-And-Map\008-Time-Complexity-Of-Map\8.MyLinkedListQueue.js
..\ES6\006-Set-And-Map\008-Time-Complexity-Of-Map\9.MyBinarySearchTreeNode.js
..\ES6\006-Set-And-Map\008-Time-Complexity-Of-Map\10.MyBinarySearchTree.js
..\ES6\006-Set-And-Map\008-Time-Complexity-Of-Map\11.MyBinarySearchTreeSet.js
..\ES6\006-Set-And-Map\008-Time-Complexity-Of-Map\12.MyLinkedListSet.js
..\ES6\006-Set-And-Map\008-Time-Complexity-Of-Map\13.MyLinkedListMapNode.js
..\ES6\006-Set-And-Map\008-Time-Complexity-Of-Map\14.MyBinarySearchTreeMapNode.js
..\ES6\006-Set-And-Map\008-Time-Complexity-Of-Map\15.MyLinkedListMap.js
..\ES6\006-Set-And-Map\008-Time-Complexity-Of-Map\16.MyBinarySearchTreeMap.js
..\ES6\006-Set-And-Map\008-Time-Complexity-Of-Map\17.Main.js
..\ES6\006-Set-And-Map\008-Time-Complexity-Of-Map\18.PerformanceTest.js
..\ES6\006-Set-And-Map\008-Time-Complexity-Of-Map\19.ListNode.js
..\ES6\006-Set-And-Map\008-Time-Complexity-Of-Map\20.Calc.js
..\ES6\006-Set-And-Map\008-Time-Complexity-Of-Map\21.Solution.js
..\ES6\006-Set-And-Map\008-Time-Complexity-Of-Map\22.Student.js
