..\ES6\011-AVL-Tree\007-Map-And-Set-In-AVL-Tree\1.MyArray.js
..\ES6\011-AVL-Tree\007-Map-And-Set-In-AVL-Tree\2.MyStack.js
..\ES6\011-AVL-Tree\007-Map-And-Set-In-AVL-Tree\3.MyQueue.js
..\ES6\011-AVL-Tree\007-Map-And-Set-In-AVL-Tree\4.MyLoopQueue.js
..\ES6\011-AVL-Tree\007-Map-And-Set-In-AVL-Tree\5.MyLinkedListNode.js
..\ES6\011-AVL-Tree\007-Map-And-Set-In-AVL-Tree\6.MyLinkedList.js
..\ES6\011-AVL-Tree\007-Map-And-Set-In-AVL-Tree\7.MyLinkedListStack.js
..\ES6\011-AVL-Tree\007-Map-And-Set-In-AVL-Tree\8.MyLinkedListQueue.js
..\ES6\011-AVL-Tree\007-Map-And-Set-In-AVL-Tree\9.MyBinarySearchTreeNode.js
..\ES6\011-AVL-Tree\007-Map-And-Set-In-AVL-Tree\10.MyBinarySearchTree.js
..\ES6\011-AVL-Tree\007-Map-And-Set-In-AVL-Tree\11.MyBinarySearchTreeSet.js
..\ES6\011-AVL-Tree\007-Map-And-Set-In-AVL-Tree\12.MyLinkedListSet.js
..\ES6\011-AVL-Tree\007-Map-And-Set-In-AVL-Tree\13.MyLinkedListMapNode.js
..\ES6\011-AVL-Tree\007-Map-And-Set-In-AVL-Tree\14.MyBinarySearchTreeMapNode.js
..\ES6\011-AVL-Tree\007-Map-And-Set-In-AVL-Tree\15.MyLinkedListMap.js
..\ES6\011-AVL-Tree\007-Map-And-Set-In-AVL-Tree\16.MyBinarySearchTreeMap.js
..\ES6\011-AVL-Tree\007-Map-And-Set-In-AVL-Tree\17.MyMaxHeap.js
..\ES6\011-AVL-Tree\007-Map-And-Set-In-AVL-Tree\18.MyPriorityQueue.js
..\ES6\011-AVL-Tree\007-Map-And-Set-In-AVL-Tree\19.MySegmentTree.js
..\ES6\011-AVL-Tree\007-Map-And-Set-In-AVL-Tree\20.MyTrieNode.js
..\ES6\011-AVL-Tree\007-Map-And-Set-In-AVL-Tree\21.MyTrie.js
..\ES6\011-AVL-Tree\007-Map-And-Set-In-AVL-Tree\22.MyTrieSet.js
..\ES6\011-AVL-Tree\007-Map-And-Set-In-AVL-Tree\23.MyTrieNodeUpgrade.js
..\ES6\011-AVL-Tree\007-Map-And-Set-In-AVL-Tree\24.MyTrieUpgrade.js
..\ES6\011-AVL-Tree\007-Map-And-Set-In-AVL-Tree\25.MyTrieMap.js
..\ES6\011-AVL-Tree\007-Map-And-Set-In-AVL-Tree\26.MyUnionFind.js
..\ES6\011-AVL-Tree\007-Map-And-Set-In-AVL-Tree\27.MyUnionFindOne.js
..\ES6\011-AVL-Tree\007-Map-And-Set-In-AVL-Tree\28.MyUnionFindTwo.js
..\ES6\011-AVL-Tree\007-Map-And-Set-In-AVL-Tree\29.MyUnionFindThree.js
..\ES6\011-AVL-Tree\007-Map-And-Set-In-AVL-Tree\30.MyUnionFindFour.js
..\ES6\011-AVL-Tree\007-Map-And-Set-In-AVL-Tree\31.MyUnionFindFive.js
..\ES6\011-AVL-Tree\007-Map-And-Set-In-AVL-Tree\32.MyUnionFindSix.js
..\ES6\011-AVL-Tree\007-Map-And-Set-In-AVL-Tree\33.MyAVLTreeNode.js
..\ES6\011-AVL-Tree\007-Map-And-Set-In-AVL-Tree\34.MyAVLTree.js
..\ES6\011-AVL-Tree\007-Map-And-Set-In-AVL-Tree\35.MyAVLTreeSet.js
..\ES6\011-AVL-Tree\007-Map-And-Set-In-AVL-Tree\36.MyAVLTreeMap.js
..\ES6\011-AVL-Tree\007-Map-And-Set-In-AVL-Tree\37.Main.js
..\ES6\011-AVL-Tree\007-Map-And-Set-In-AVL-Tree\38.PerformanceTest.js
..\ES6\011-AVL-Tree\007-Map-And-Set-In-AVL-Tree\39.ListNode.js
..\ES6\011-AVL-Tree\007-Map-And-Set-In-AVL-Tree\40.Calc.js
..\ES6\011-AVL-Tree\007-Map-And-Set-In-AVL-Tree\41.Solution.js
..\ES6\011-AVL-Tree\007-Map-And-Set-In-AVL-Tree\42.Student.js
