1：../ES6//001-Arrays/004-Query-and-Update-Element/2.Main.js不用写入
2：../ES6//001-Arrays/005-Contain-Find-and-Remove/2.Main.js不用写入
3：../ES6//001-Arrays/006-Generic-Data-Structures/2.Main.js写入完毕
4：../ES6//001-Arrays/007-Dynamic-Array/2.Main.js写入完毕
5：../ES6//001-Arrays/008-Amortized-Time-Complexity/2.Main.js写入完毕
6：../ES6//002-Stacks-and-Queues/001-Create-Our-Own-Stack/3.Main.js写入完毕
7：../ES6//002-Stacks-and-Queues/002-Stack-Valid-Parentheses-In-Leetcode/3.Main.js写入完毕
8：../ES6//002-Stacks-and-Queues/003-Create-Our-Own-Queue/5.Main.js写入完毕
9：../ES6//002-Stacks-and-Queues/004-Queues-Comparison/5.Main.js写入完毕
10：../ES6//003-Linked-List/001-Linked-List-Basics/7.Main.js写入完毕
11：../ES6//003-Linked-List/002-Add-Elements-In-LinkedList/7.Main.js写入完毕
12：../ES6//003-Linked-List/003-DummyHead-In-LinkedList/7.Main.js写入完毕
13：../ES6//003-Linked-List/004-Query-And-Update-In-LinkedList/7.Main.js写入完毕
14：../ES6//003-Linked-List/005-Remove-Element-In-LinkedList/7.Main.js写入完毕
15：../ES6//003-Linked-List/006-Implement-Stack-In-LinkedList/8.Main.js写入完毕
16：../ES6//003-Linked-List/007-Stacks-Comparison/8.Main.js写入完毕
17：../ES6//003-Linked-List/008-Implement-Queue-In-LinkedList/9.Main.js写入完毕
18：../ES6//004-Recursion/001-Remove-LinkedList-Elements/9.Main.js写入完毕
19：../ES6//004-Recursion/002-Test-Your-LinkedList-Solution/9.Main.js写入完毕
20：../ES6//004-Recursion/003-Recursion-Basics/9.Main.js写入完毕
21：../ES6//004-Recursion/004-Recursion-Remove-LinkedList-Elements/9.Main.js写入完毕
22：../ES6//004-Recursion/005-Debug-Recursive-Solution/9.Main.js写入完毕
23：../ES6//005-Binary-Search-Tree/001-Binary-Search-Tree-Basics/11.Main.js写入完毕
24：../ES6//005-Binary-Search-Tree/002-Add-Elements-In-BST/11.Main.js写入完毕
25：../ES6//005-Binary-Search-Tree/003-Improved-Add-Elements-In-BST/11.Main.js写入完毕
26：../ES6//005-Binary-Search-Tree/004-Search-Elements-In-BST/11.Main.js写入完毕
27：../ES6//005-Binary-Search-Tree/005-PreOrder-Traverse-In-BST/11.Main.js写入完毕
28：../ES6//005-Binary-Search-Tree/006-Debug-PreOrder-Traverse-In-BST/11.Main.js写入完毕
29：../ES6//005-Binary-Search-Tree/007-InOrder-And-PostOrder-Traverse-In-BST/11.Main.js写入完毕
30：../ES6//005-Binary-Search-Tree/008-Non-Recursion-PreOrder-Traverse-In-BST/11.Main.js写入完毕
31：../ES6//005-Binary-Search-Tree/009-Level-Traverse-In-BST/11.Main.js写入完毕
32：../ES6//005-Binary-Search-Tree/010-Remove-Min-And-Max-In-BST/11.Main.js写入完毕
33：../ES6//005-Binary-Search-Tree/011-Remove-Elements-In-BST/11.Main.js写入完毕
34：../ES6//006-Set-And-Map/001-Set-Basics-And-BSTSet/12.Main.js写入完毕
35：../ES6//006-Set-And-Map/002-Create-Our-Own-LinkedListSet/13.Main.js写入完毕
36：../ES6//006-Set-And-Map/003-Time-Complexity-Of-Set/13.Main.js写入完毕
37：../ES6//006-Set-And-Map/004-TreeSet-And-Set-Problems-In-Leetcode/13.Main.js写入完毕
38：../ES6//006-Set-And-Map/005-Map-Basics/15.Main.js写入完毕
39：../ES6//006-Set-And-Map/006-Create-Our-Own-LinekdListMap/16.Main.js写入完毕
40：../ES6//006-Set-And-Map/007-Create-Our-Own-BSTMap/17.Main.js写入完毕
41：../ES6//006-Set-And-Map/008-Time-Complexity-Of-Map/17.Main.js写入完毕
42：../ES6//006-Set-And-Map/009-LeetCode-Problems-About-Map-And-Set/17.Main.js写入完毕
43：../ES6//007-Heap-And-Priority-Queue/001-Heap-Basics/18.Main.js写入完毕
44：../ES6//007-Heap-And-Priority-Queue/002-Add-Elements-And-Sift-Up-In-Heap/18.Main.js写入完毕
45：../ES6//007-Heap-And-Priority-Queue/003-Extract-Max-Element-And-Sift-Down-In-Heap/18.Main.js写入完毕
46：../ES6//007-Heap-And-Priority-Queue/004-Heapify-And-Replace-In-Heap/18.Main.js写入完毕
47：../ES6//007-Heap-And-Priority-Queue/005-Priority-Queue/19.Main.js写入完毕
48：../ES6//007-Heap-And-Priority-Queue/006-Priority-Queue-Problems-In-Leetcode/19.Main.js写入完毕
49：../ES6//008-Segment-Tree/001-Segment-Tree-Basics/20.Main.js写入完毕
50：../ES6//008-Segment-Tree/002-Building-Segment-Tree/20.Main.js写入完毕
51：../ES6//008-Segment-Tree/003-Query-In-Segment-Tree/20.Main.js写入完毕
52：../ES6//008-Segment-Tree/004-Segment-Tree-Problems-In-Leetcode/20.Main.js写入完毕
53：../ES6//008-Segment-Tree/005-Update-Single-Element-In-Segment-Tree/20.Main.js写入完毕
54：../ES6//009-Trie/001-Trie-Basics/22.Main.js写入完毕
55：../ES6//009-Trie/002-Searching-In-Trie/23.Main.js写入完毕
56：../ES6//009-Trie/003-Prefix-In-Trie/23.Main.js写入完毕
57：../ES6//009-Trie/004-Trie-And-Pattern-Match/23.Main.js写入完毕
58：../ES6//009-Trie/005-Trie-And-Map/26.Main.js写入完毕
59：../ES6//009-Trie/006-Trie-About/26.Main.js写入完毕
60：../ES6//010-UnionFind/001-UnionFind-Interface/27.Main.js写入完毕
61：../ES6//010-UnionFind/002-Quick-Find/28.Main.js写入完毕
62：../ES6//010-UnionFind/003-Quick-Union/29.Main.js写入完毕
63：../ES6//010-UnionFind/004-Optimized-By-Size/30.Main.js写入完毕
64：../ES6//010-UnionFind/005-Optimized-By-Rank/31.Main.js写入完毕
65：../ES6//010-UnionFind/006-Path-Compression/32.Main.js写入完毕
66：../ES6//010-UnionFind/007-More-About-Union-Find/33.Main.js写入完毕
67：../ES6//011-AVL-Tree/001-Calculating-Balance-Factor/35.Main.js写入完毕
68：../ES6//011-AVL-Tree/002-Checking-Balancing-And-Binary-Search-Property/35.Main.js写入完毕
69：../ES6//011-AVL-Tree/003-Rotation-Operations/35.Main.js写入完毕
70：../ES6//011-AVL-Tree/004-The-Implementation-Of-Left-Rotation-And-Right-Rotation/35.Main.js写入完毕
71：../ES6//011-AVL-Tree/005-LR-And-RL-In-AVLTree/35.Main.js写入完毕
72：../ES6//011-AVL-Tree/006-Remove-Elements-In-AVL-Tree/35.Main.js写入完毕
73：../ES6//011-AVL-Tree/007-Map-And-Set-In-AVL-Tree/37.Main.js写入完毕
74：../ES6//012-Red-Black-Tree/001-The-Equivalence-Of-RBTree-And-2-3-Tree/39.Main.js写入完毕
75：../ES6//012-Red-Black-Tree/002-Keep-Root-Black-And-Left-Rotation/39.Main.js写入完毕
76：../ES6//012-Red-Black-Tree/003-Flip-Colors-And-Right-Rotation/39.Main.js写入完毕
77：../ES6//012-Red-Black-Tree/004-Adding-Elements-In-Rad-Black-Tree/39.Main.js写入完毕
78：../ES6//012-Red-Black-Tree/005-Time-Complexity-Of-Red-Black-Tree/39.Main.js写入完毕
79：../ES6//012-Red-Black-Tree/006-The-Performance-Of-Red-Black-Tree/41.Main.js写入完毕
80：../ES6//013-Hash-Table/001-Hash-Table-Basics/41.Main.js写入完毕
81：../ES6//013-Hash-Table/002-Hash-Function/41.Main.js写入完毕
82：../ES6//013-Hash-Table/003-Hash-Table-Implementation/43.Main.js写入完毕
83：../ES6//013-Hash-Table/004-Resizing-In-Hash-Table/43.Main.js写入完毕
84：../ES6//013-Hash-Table/005-More-About-Resizing-In-Hash-Table/43.Main.js写入完毕
