..\ES6\010-UnionFind\006-Path-Compression\1.MyArray.js
..\ES6\010-UnionFind\006-Path-Compression\2.MyStack.js
..\ES6\010-UnionFind\006-Path-Compression\3.MyQueue.js
..\ES6\010-UnionFind\006-Path-Compression\4.MyLoopQueue.js
..\ES6\010-UnionFind\006-Path-Compression\5.MyLinkedListNode.js
..\ES6\010-UnionFind\006-Path-Compression\6.MyLinkedList.js
..\ES6\010-UnionFind\006-Path-Compression\7.MyLinkedListStack.js
..\ES6\010-UnionFind\006-Path-Compression\8.MyLinkedListQueue.js
..\ES6\010-UnionFind\006-Path-Compression\9.MyBinarySearchTreeNode.js
..\ES6\010-UnionFind\006-Path-Compression\10.MyBinarySearchTree.js
..\ES6\010-UnionFind\006-Path-Compression\11.MyBinarySearchTreeSet.js
..\ES6\010-UnionFind\006-Path-Compression\12.MyLinkedListSet.js
..\ES6\010-UnionFind\006-Path-Compression\13.MyLinkedListMapNode.js
..\ES6\010-UnionFind\006-Path-Compression\14.MyBinarySearchTreeMapNode.js
..\ES6\010-UnionFind\006-Path-Compression\15.MyLinkedListMap.js
..\ES6\010-UnionFind\006-Path-Compression\16.MyBinarySearchTreeMap.js
..\ES6\010-UnionFind\006-Path-Compression\17.MyMaxHeap.js
..\ES6\010-UnionFind\006-Path-Compression\18.MyPriorityQueue.js
..\ES6\010-UnionFind\006-Path-Compression\19.MySegmentTree.js
..\ES6\010-UnionFind\006-Path-Compression\20.MyTrieNode.js
..\ES6\010-UnionFind\006-Path-Compression\21.MyTrie.js
..\ES6\010-UnionFind\006-Path-Compression\22.MyTrieSet.js
..\ES6\010-UnionFind\006-Path-Compression\23.MyTrieNodeUpgrade.js
..\ES6\010-UnionFind\006-Path-Compression\24.MyTrieUpgrade.js
..\ES6\010-UnionFind\006-Path-Compression\25.MyTrieMap.js
..\ES6\010-UnionFind\006-Path-Compression\26.MyUnionFind.js
..\ES6\010-UnionFind\006-Path-Compression\27.MyUnionFindOne.js
..\ES6\010-UnionFind\006-Path-Compression\28.MyUnionFindTwo.js
..\ES6\010-UnionFind\006-Path-Compression\29.MyUnionFindThree.js
..\ES6\010-UnionFind\006-Path-Compression\30.MyUnionFindFour.js
..\ES6\010-UnionFind\006-Path-Compression\31.MyUnionFindFive.js
..\ES6\010-UnionFind\006-Path-Compression\32.Main.js
..\ES6\010-UnionFind\006-Path-Compression\33.PerformanceTest.js
..\ES6\010-UnionFind\006-Path-Compression\34.ListNode.js
..\ES6\010-UnionFind\006-Path-Compression\35.Calc.js
..\ES6\010-UnionFind\006-Path-Compression\36.Solution.js
..\ES6\010-UnionFind\006-Path-Compression\37.Student.js
