..\ES6\010-UnionFind\003-Quick-Union\1.MyArray.js
..\ES6\010-UnionFind\003-Quick-Union\2.MyStack.js
..\ES6\010-UnionFind\003-Quick-Union\3.MyQueue.js
..\ES6\010-UnionFind\003-Quick-Union\4.MyLoopQueue.js
..\ES6\010-UnionFind\003-Quick-Union\5.MyLinkedListNode.js
..\ES6\010-UnionFind\003-Quick-Union\6.MyLinkedList.js
..\ES6\010-UnionFind\003-Quick-Union\7.MyLinkedListStack.js
..\ES6\010-UnionFind\003-Quick-Union\8.MyLinkedListQueue.js
..\ES6\010-UnionFind\003-Quick-Union\9.MyBinarySearchTreeNode.js
..\ES6\010-UnionFind\003-Quick-Union\10.MyBinarySearchTree.js
..\ES6\010-UnionFind\003-Quick-Union\11.MyBinarySearchTreeSet.js
..\ES6\010-UnionFind\003-Quick-Union\12.MyLinkedListSet.js
..\ES6\010-UnionFind\003-Quick-Union\13.MyLinkedListMapNode.js
..\ES6\010-UnionFind\003-Quick-Union\14.MyBinarySearchTreeMapNode.js
..\ES6\010-UnionFind\003-Quick-Union\15.MyLinkedListMap.js
..\ES6\010-UnionFind\003-Quick-Union\16.MyBinarySearchTreeMap.js
..\ES6\010-UnionFind\003-Quick-Union\17.MyMaxHeap.js
..\ES6\010-UnionFind\003-Quick-Union\18.MyPriorityQueue.js
..\ES6\010-UnionFind\003-Quick-Union\19.MySegmentTree.js
..\ES6\010-UnionFind\003-Quick-Union\20.MyTrieNode.js
..\ES6\010-UnionFind\003-Quick-Union\21.MyTrie.js
..\ES6\010-UnionFind\003-Quick-Union\22.MyTrieSet.js
..\ES6\010-UnionFind\003-Quick-Union\23.MyTrieNodeUpgrade.js
..\ES6\010-UnionFind\003-Quick-Union\24.MyTrieUpgrade.js
..\ES6\010-UnionFind\003-Quick-Union\25.MyTrieMap.js
..\ES6\010-UnionFind\003-Quick-Union\26.MyUnionFind.js
..\ES6\010-UnionFind\003-Quick-Union\27.MyUnionFindOne.js
..\ES6\010-UnionFind\003-Quick-Union\28.MyUnionFindTwo.js
..\ES6\010-UnionFind\003-Quick-Union\29.Main.js
..\ES6\010-UnionFind\003-Quick-Union\30.PerformanceTest.js
..\ES6\010-UnionFind\003-Quick-Union\31.ListNode.js
..\ES6\010-UnionFind\003-Quick-Union\32.Calc.js
..\ES6\010-UnionFind\003-Quick-Union\33.Solution.js
..\ES6\010-UnionFind\003-Quick-Union\34.Student.js
