..\ES6\006-Set-And-Map\007-Create-Our-Own-BSTMap\1.MyArray.js
..\ES6\006-Set-And-Map\007-Create-Our-Own-BSTMap\2.MyStack.js
..\ES6\006-Set-And-Map\007-Create-Our-Own-BSTMap\3.MyQueue.js
..\ES6\006-Set-And-Map\007-Create-Our-Own-BSTMap\4.MyLoopQueue.js
..\ES6\006-Set-And-Map\007-Create-Our-Own-BSTMap\5.MyLinkedListNode.js
..\ES6\006-Set-And-Map\007-Create-Our-Own-BSTMap\6.MyLinkedList.js
..\ES6\006-Set-And-Map\007-Create-Our-Own-BSTMap\7.MyLinkedListStack.js
..\ES6\006-Set-And-Map\007-Create-Our-Own-BSTMap\8.MyLinkedListQueue.js
..\ES6\006-Set-And-Map\007-Create-Our-Own-BSTMap\9.MyBinarySearchTreeNode.js
..\ES6\006-Set-And-Map\007-Create-Our-Own-BSTMap\10.MyBinarySearchTree.js
..\ES6\006-Set-And-Map\007-Create-Our-Own-BSTMap\11.MyBinarySearchTreeSet.js
..\ES6\006-Set-And-Map\007-Create-Our-Own-BSTMap\12.MyLinkedListSet.js
..\ES6\006-Set-And-Map\007-Create-Our-Own-BSTMap\13.MyLinkedListMapNode.js
..\ES6\006-Set-And-Map\007-Create-Our-Own-BSTMap\14.MyBinarySearchTreeMapNode.js
..\ES6\006-Set-And-Map\007-Create-Our-Own-BSTMap\15.MyLinkedListMap.js
..\ES6\006-Set-And-Map\007-Create-Our-Own-BSTMap\16.MyBinarySearchTreeMap.js
..\ES6\006-Set-And-Map\007-Create-Our-Own-BSTMap\17.Main.js
..\ES6\006-Set-And-Map\007-Create-Our-Own-BSTMap\18.PerformanceTest.js
..\ES6\006-Set-And-Map\007-Create-Our-Own-BSTMap\19.ListNode.js
..\ES6\006-Set-And-Map\007-Create-Our-Own-BSTMap\20.Calc.js
..\ES6\006-Set-And-Map\007-Create-Our-Own-BSTMap\21.Solution.js
..\ES6\006-Set-And-Map\007-Create-Our-Own-BSTMap\22.Student.js
