..\ES6\009-Trie\001-Trie-Basics\1.MyArray.js
..\ES6\009-Trie\001-Trie-Basics\2.MyStack.js
..\ES6\009-Trie\001-Trie-Basics\3.MyQueue.js
..\ES6\009-Trie\001-Trie-Basics\4.MyLoopQueue.js
..\ES6\009-Trie\001-Trie-Basics\5.MyLinkedListNode.js
..\ES6\009-Trie\001-Trie-Basics\6.MyLinkedList.js
..\ES6\009-Trie\001-Trie-Basics\7.MyLinkedListStack.js
..\ES6\009-Trie\001-Trie-Basics\8.MyLinkedListQueue.js
..\ES6\009-Trie\001-Trie-Basics\9.MyBinarySearchTreeNode.js
..\ES6\009-Trie\001-Trie-Basics\10.MyBinarySearchTree.js
..\ES6\009-Trie\001-Trie-Basics\11.MyBinarySearchTreeSet.js
..\ES6\009-Trie\001-Trie-Basics\12.MyLinkedListSet.js
..\ES6\009-Trie\001-Trie-Basics\13.MyLinkedListMapNode.js
..\ES6\009-Trie\001-Trie-Basics\14.MyBinarySearchTreeMapNode.js
..\ES6\009-Trie\001-Trie-Basics\15.MyLinkedListMap.js
..\ES6\009-Trie\001-Trie-Basics\16.MyBinarySearchTreeMap.js
..\ES6\009-Trie\001-Trie-Basics\17.MyMaxHeap.js
..\ES6\009-Trie\001-Trie-Basics\18.MyPriorityQueue.js
..\ES6\009-Trie\001-Trie-Basics\19.MySegmentTree.js
..\ES6\009-Trie\001-Trie-Basics\20.MyTrieNode.js
..\ES6\009-Trie\001-Trie-Basics\21.MyTrie.js
..\ES6\009-Trie\001-Trie-Basics\22.Main.js
..\ES6\009-Trie\001-Trie-Basics\23.PerformanceTest.js
..\ES6\009-Trie\001-Trie-Basics\24.ListNode.js
..\ES6\009-Trie\001-Trie-Basics\25.Calc.js
..\ES6\009-Trie\001-Trie-Basics\26.Solution.js
..\ES6\009-Trie\001-Trie-Basics\27.Student.js
