..\ES6\013-Hash-Table\003-Hash-Table-Implementation\1.MyArray.js
..\ES6\013-Hash-Table\003-Hash-Table-Implementation\2.MyStack.js
..\ES6\013-Hash-Table\003-Hash-Table-Implementation\3.MyQueue.js
..\ES6\013-Hash-Table\003-Hash-Table-Implementation\4.MyLoopQueue.js
..\ES6\013-Hash-Table\003-Hash-Table-Implementation\5.MyLinkedListNode.js
..\ES6\013-Hash-Table\003-Hash-Table-Implementation\6.MyLinkedList.js
..\ES6\013-Hash-Table\003-Hash-Table-Implementation\7.MyLinkedListStack.js
..\ES6\013-Hash-Table\003-Hash-Table-Implementation\8.MyLinkedListQueue.js
..\ES6\013-Hash-Table\003-Hash-Table-Implementation\9.MyBinarySearchTreeNode.js
..\ES6\013-Hash-Table\003-Hash-Table-Implementation\10.MyBinarySearchTree.js
..\ES6\013-Hash-Table\003-Hash-Table-Implementation\11.MyBinarySearchTreeSet.js
..\ES6\013-Hash-Table\003-Hash-Table-Implementation\12.MyLinkedListSet.js
..\ES6\013-Hash-Table\003-Hash-Table-Implementation\13.MyLinkedListMapNode.js
..\ES6\013-Hash-Table\003-Hash-Table-Implementation\14.MyBinarySearchTreeMapNode.js
..\ES6\013-Hash-Table\003-Hash-Table-Implementation\15.MyLinkedListMap.js
..\ES6\013-Hash-Table\003-Hash-Table-Implementation\16.MyBinarySearchTreeMap.js
..\ES6\013-Hash-Table\003-Hash-Table-Implementation\17.MyMaxHeap.js
..\ES6\013-Hash-Table\003-Hash-Table-Implementation\18.MyPriorityQueue.js
..\ES6\013-Hash-Table\003-Hash-Table-Implementation\19.MySegmentTree.js
..\ES6\013-Hash-Table\003-Hash-Table-Implementation\20.MyTrieNode.js
..\ES6\013-Hash-Table\003-Hash-Table-Implementation\21.MyTrie.js
..\ES6\013-Hash-Table\003-Hash-Table-Implementation\22.MyTrieSet.js
..\ES6\013-Hash-Table\003-Hash-Table-Implementation\23.MyTrieNodeUpgrade.js
..\ES6\013-Hash-Table\003-Hash-Table-Implementation\24.MyTrieUpgrade.js
..\ES6\013-Hash-Table\003-Hash-Table-Implementation\25.MyTrieMap.js
..\ES6\013-Hash-Table\003-Hash-Table-Implementation\26.MyUnionFind.js
..\ES6\013-Hash-Table\003-Hash-Table-Implementation\27.MyUnionFindOne.js
..\ES6\013-Hash-Table\003-Hash-Table-Implementation\28.MyUnionFindTwo.js
..\ES6\013-Hash-Table\003-Hash-Table-Implementation\29.MyUnionFindThree.js
..\ES6\013-Hash-Table\003-Hash-Table-Implementation\30.MyUnionFindFour.js
..\ES6\013-Hash-Table\003-Hash-Table-Implementation\31.MyUnionFindFive.js
..\ES6\013-Hash-Table\003-Hash-Table-Implementation\32.MyUnionFindSix.js
..\ES6\013-Hash-Table\003-Hash-Table-Implementation\33.MyAVLTreeNode.js
..\ES6\013-Hash-Table\003-Hash-Table-Implementation\34.MyAVLTree.js
..\ES6\013-Hash-Table\003-Hash-Table-Implementation\35.MyAVLTreeSet.js
..\ES6\013-Hash-Table\003-Hash-Table-Implementation\36.MyAVLTreeMap.js
..\ES6\013-Hash-Table\003-Hash-Table-Implementation\37.MyRedBalckTreeNode.js
..\ES6\013-Hash-Table\003-Hash-Table-Implementation\38.MyRedBlackTree.js
..\ES6\013-Hash-Table\003-Hash-Table-Implementation\39.MyRedBlackSet.js
..\ES6\013-Hash-Table\003-Hash-Table-Implementation\40.MyRedBlackMap.js
..\ES6\013-Hash-Table\003-Hash-Table-Implementation\41.MyHash.js
..\ES6\013-Hash-Table\003-Hash-Table-Implementation\42.MyHashTableByAVLTree.js
..\ES6\013-Hash-Table\003-Hash-Table-Implementation\43.Main.js
..\ES6\013-Hash-Table\003-Hash-Table-Implementation\44.PerformanceTest.js
..\ES6\013-Hash-Table\003-Hash-Table-Implementation\45.ListNode.js
..\ES6\013-Hash-Table\003-Hash-Table-Implementation\46.Calc.js
..\ES6\013-Hash-Table\003-Hash-Table-Implementation\47.Solution.js
..\ES6\013-Hash-Table\003-Hash-Table-Implementation\48.Student.js
