..\ES6\008-Segment-Tree\002-Building-Segment-Tree\1.MyArray.js
..\ES6\008-Segment-Tree\002-Building-Segment-Tree\2.MyStack.js
..\ES6\008-Segment-Tree\002-Building-Segment-Tree\3.MyQueue.js
..\ES6\008-Segment-Tree\002-Building-Segment-Tree\4.MyLoopQueue.js
..\ES6\008-Segment-Tree\002-Building-Segment-Tree\5.MyLinkedListNode.js
..\ES6\008-Segment-Tree\002-Building-Segment-Tree\6.MyLinkedList.js
..\ES6\008-Segment-Tree\002-Building-Segment-Tree\7.MyLinkedListStack.js
..\ES6\008-Segment-Tree\002-Building-Segment-Tree\8.MyLinkedListQueue.js
..\ES6\008-Segment-Tree\002-Building-Segment-Tree\9.MyBinarySearchTreeNode.js
..\ES6\008-Segment-Tree\002-Building-Segment-Tree\10.MyBinarySearchTree.js
..\ES6\008-Segment-Tree\002-Building-Segment-Tree\11.MyBinarySearchTreeSet.js
..\ES6\008-Segment-Tree\002-Building-Segment-Tree\12.MyLinkedListSet.js
..\ES6\008-Segment-Tree\002-Building-Segment-Tree\13.MyLinkedListMapNode.js
..\ES6\008-Segment-Tree\002-Building-Segment-Tree\14.MyBinarySearchTreeMapNode.js
..\ES6\008-Segment-Tree\002-Building-Segment-Tree\15.MyLinkedListMap.js
..\ES6\008-Segment-Tree\002-Building-Segment-Tree\16.MyBinarySearchTreeMap.js
..\ES6\008-Segment-Tree\002-Building-Segment-Tree\17.MyMaxHeap.js
..\ES6\008-Segment-Tree\002-Building-Segment-Tree\18.MyPriorityQueue.js
..\ES6\008-Segment-Tree\002-Building-Segment-Tree\19.MySegmentTree.js
..\ES6\008-Segment-Tree\002-Building-Segment-Tree\20.Main.js
..\ES6\008-Segment-Tree\002-Building-Segment-Tree\21.PerformanceTest.js
..\ES6\008-Segment-Tree\002-Building-Segment-Tree\22.ListNode.js
..\ES6\008-Segment-Tree\002-Building-Segment-Tree\23.Calc.js
..\ES6\008-Segment-Tree\002-Building-Segment-Tree\24.Solution.js
..\ES6\008-Segment-Tree\002-Building-Segment-Tree\25.Student.js
