..\ES6\010-UnionFind\002-Quick-Find\1.MyArray.js
..\ES6\010-UnionFind\002-Quick-Find\2.MyStack.js
..\ES6\010-UnionFind\002-Quick-Find\3.MyQueue.js
..\ES6\010-UnionFind\002-Quick-Find\4.MyLoopQueue.js
..\ES6\010-UnionFind\002-Quick-Find\5.MyLinkedListNode.js
..\ES6\010-UnionFind\002-Quick-Find\6.MyLinkedList.js
..\ES6\010-UnionFind\002-Quick-Find\7.MyLinkedListStack.js
..\ES6\010-UnionFind\002-Quick-Find\8.MyLinkedListQueue.js
..\ES6\010-UnionFind\002-Quick-Find\9.MyBinarySearchTreeNode.js
..\ES6\010-UnionFind\002-Quick-Find\10.MyBinarySearchTree.js
..\ES6\010-UnionFind\002-Quick-Find\11.MyBinarySearchTreeSet.js
..\ES6\010-UnionFind\002-Quick-Find\12.MyLinkedListSet.js
..\ES6\010-UnionFind\002-Quick-Find\13.MyLinkedListMapNode.js
..\ES6\010-UnionFind\002-Quick-Find\14.MyBinarySearchTreeMapNode.js
..\ES6\010-UnionFind\002-Quick-Find\15.MyLinkedListMap.js
..\ES6\010-UnionFind\002-Quick-Find\16.MyBinarySearchTreeMap.js
..\ES6\010-UnionFind\002-Quick-Find\17.MyMaxHeap.js
..\ES6\010-UnionFind\002-Quick-Find\18.MyPriorityQueue.js
..\ES6\010-UnionFind\002-Quick-Find\19.MySegmentTree.js
..\ES6\010-UnionFind\002-Quick-Find\20.MyTrieNode.js
..\ES6\010-UnionFind\002-Quick-Find\21.MyTrie.js
..\ES6\010-UnionFind\002-Quick-Find\22.MyTrieSet.js
..\ES6\010-UnionFind\002-Quick-Find\23.MyTrieNodeUpgrade.js
..\ES6\010-UnionFind\002-Quick-Find\24.MyTrieUpgrade.js
..\ES6\010-UnionFind\002-Quick-Find\25.MyTrieMap.js
..\ES6\010-UnionFind\002-Quick-Find\26.MyUnionFind.js
..\ES6\010-UnionFind\002-Quick-Find\27.MyUnionFindOne.js
..\ES6\010-UnionFind\002-Quick-Find\28.Main.js
..\ES6\010-UnionFind\002-Quick-Find\29.PerformanceTest.js
..\ES6\010-UnionFind\002-Quick-Find\30.ListNode.js
..\ES6\010-UnionFind\002-Quick-Find\31.Calc.js
..\ES6\010-UnionFind\002-Quick-Find\32.Solution.js
..\ES6\010-UnionFind\002-Quick-Find\33.Student.js
