..\ES6\010-UnionFind\005-Optimized-By-Rank\1.MyArray.js
..\ES6\010-UnionFind\005-Optimized-By-Rank\2.MyStack.js
..\ES6\010-UnionFind\005-Optimized-By-Rank\3.MyQueue.js
..\ES6\010-UnionFind\005-Optimized-By-Rank\4.MyLoopQueue.js
..\ES6\010-UnionFind\005-Optimized-By-Rank\5.MyLinkedListNode.js
..\ES6\010-UnionFind\005-Optimized-By-Rank\6.MyLinkedList.js
..\ES6\010-UnionFind\005-Optimized-By-Rank\7.MyLinkedListStack.js
..\ES6\010-UnionFind\005-Optimized-By-Rank\8.MyLinkedListQueue.js
..\ES6\010-UnionFind\005-Optimized-By-Rank\9.MyBinarySearchTreeNode.js
..\ES6\010-UnionFind\005-Optimized-By-Rank\10.MyBinarySearchTree.js
..\ES6\010-UnionFind\005-Optimized-By-Rank\11.MyBinarySearchTreeSet.js
..\ES6\010-UnionFind\005-Optimized-By-Rank\12.MyLinkedListSet.js
..\ES6\010-UnionFind\005-Optimized-By-Rank\13.MyLinkedListMapNode.js
..\ES6\010-UnionFind\005-Optimized-By-Rank\14.MyBinarySearchTreeMapNode.js
..\ES6\010-UnionFind\005-Optimized-By-Rank\15.MyLinkedListMap.js
..\ES6\010-UnionFind\005-Optimized-By-Rank\16.MyBinarySearchTreeMap.js
..\ES6\010-UnionFind\005-Optimized-By-Rank\17.MyMaxHeap.js
..\ES6\010-UnionFind\005-Optimized-By-Rank\18.MyPriorityQueue.js
..\ES6\010-UnionFind\005-Optimized-By-Rank\19.MySegmentTree.js
..\ES6\010-UnionFind\005-Optimized-By-Rank\20.MyTrieNode.js
..\ES6\010-UnionFind\005-Optimized-By-Rank\21.MyTrie.js
..\ES6\010-UnionFind\005-Optimized-By-Rank\22.MyTrieSet.js
..\ES6\010-UnionFind\005-Optimized-By-Rank\23.MyTrieNodeUpgrade.js
..\ES6\010-UnionFind\005-Optimized-By-Rank\24.MyTrieUpgrade.js
..\ES6\010-UnionFind\005-Optimized-By-Rank\25.MyTrieMap.js
..\ES6\010-UnionFind\005-Optimized-By-Rank\26.MyUnionFind.js
..\ES6\010-UnionFind\005-Optimized-By-Rank\27.MyUnionFindOne.js
..\ES6\010-UnionFind\005-Optimized-By-Rank\28.MyUnionFindTwo.js
..\ES6\010-UnionFind\005-Optimized-By-Rank\29.MyUnionFindThree.js
..\ES6\010-UnionFind\005-Optimized-By-Rank\30.MyUnionFindFour.js
..\ES6\010-UnionFind\005-Optimized-By-Rank\31.Main.js
..\ES6\010-UnionFind\005-Optimized-By-Rank\32.PerformanceTest.js
..\ES6\010-UnionFind\005-Optimized-By-Rank\33.ListNode.js
..\ES6\010-UnionFind\005-Optimized-By-Rank\34.Calc.js
..\ES6\010-UnionFind\005-Optimized-By-Rank\35.Solution.js
..\ES6\010-UnionFind\005-Optimized-By-Rank\36.Student.js
