..\ES6\009-Trie\002-Searching-In-Trie\1.MyArray.js
..\ES6\009-Trie\002-Searching-In-Trie\2.MyStack.js
..\ES6\009-Trie\002-Searching-In-Trie\3.MyQueue.js
..\ES6\009-Trie\002-Searching-In-Trie\4.MyLoopQueue.js
..\ES6\009-Trie\002-Searching-In-Trie\5.MyLinkedListNode.js
..\ES6\009-Trie\002-Searching-In-Trie\6.MyLinkedList.js
..\ES6\009-Trie\002-Searching-In-Trie\7.MyLinkedListStack.js
..\ES6\009-Trie\002-Searching-In-Trie\8.MyLinkedListQueue.js
..\ES6\009-Trie\002-Searching-In-Trie\9.MyBinarySearchTreeNode.js
..\ES6\009-Trie\002-Searching-In-Trie\10.MyBinarySearchTree.js
..\ES6\009-Trie\002-Searching-In-Trie\11.MyBinarySearchTreeSet.js
..\ES6\009-Trie\002-Searching-In-Trie\12.MyLinkedListSet.js
..\ES6\009-Trie\002-Searching-In-Trie\13.MyLinkedListMapNode.js
..\ES6\009-Trie\002-Searching-In-Trie\14.MyBinarySearchTreeMapNode.js
..\ES6\009-Trie\002-Searching-In-Trie\15.MyLinkedListMap.js
..\ES6\009-Trie\002-Searching-In-Trie\16.MyBinarySearchTreeMap.js
..\ES6\009-Trie\002-Searching-In-Trie\17.MyMaxHeap.js
..\ES6\009-Trie\002-Searching-In-Trie\18.MyPriorityQueue.js
..\ES6\009-Trie\002-Searching-In-Trie\19.MySegmentTree.js
..\ES6\009-Trie\002-Searching-In-Trie\20.MyTrieNode.js
..\ES6\009-Trie\002-Searching-In-Trie\21.MyTrie.js
..\ES6\009-Trie\002-Searching-In-Trie\22.MyTrieSet.js
..\ES6\009-Trie\002-Searching-In-Trie\23.Main.js
..\ES6\009-Trie\002-Searching-In-Trie\24.PerformanceTest.js
..\ES6\009-Trie\002-Searching-In-Trie\25.ListNode.js
..\ES6\009-Trie\002-Searching-In-Trie\26.Calc.js
..\ES6\009-Trie\002-Searching-In-Trie\27.Solution.js
..\ES6\009-Trie\002-Searching-In-Trie\28.Student.js
