..\ES6\009-Trie\004-Trie-And-Pattern-Match\1.MyArray.js
..\ES6\009-Trie\004-Trie-And-Pattern-Match\2.MyStack.js
..\ES6\009-Trie\004-Trie-And-Pattern-Match\3.MyQueue.js
..\ES6\009-Trie\004-Trie-And-Pattern-Match\4.MyLoopQueue.js
..\ES6\009-Trie\004-Trie-And-Pattern-Match\5.MyLinkedListNode.js
..\ES6\009-Trie\004-Trie-And-Pattern-Match\6.MyLinkedList.js
..\ES6\009-Trie\004-Trie-And-Pattern-Match\7.MyLinkedListStack.js
..\ES6\009-Trie\004-Trie-And-Pattern-Match\8.MyLinkedListQueue.js
..\ES6\009-Trie\004-Trie-And-Pattern-Match\9.MyBinarySearchTreeNode.js
..\ES6\009-Trie\004-Trie-And-Pattern-Match\10.MyBinarySearchTree.js
..\ES6\009-Trie\004-Trie-And-Pattern-Match\11.MyBinarySearchTreeSet.js
..\ES6\009-Trie\004-Trie-And-Pattern-Match\12.MyLinkedListSet.js
..\ES6\009-Trie\004-Trie-And-Pattern-Match\13.MyLinkedListMapNode.js
..\ES6\009-Trie\004-Trie-And-Pattern-Match\14.MyBinarySearchTreeMapNode.js
..\ES6\009-Trie\004-Trie-And-Pattern-Match\15.MyLinkedListMap.js
..\ES6\009-Trie\004-Trie-And-Pattern-Match\16.MyBinarySearchTreeMap.js
..\ES6\009-Trie\004-Trie-And-Pattern-Match\17.MyMaxHeap.js
..\ES6\009-Trie\004-Trie-And-Pattern-Match\18.MyPriorityQueue.js
..\ES6\009-Trie\004-Trie-And-Pattern-Match\19.MySegmentTree.js
..\ES6\009-Trie\004-Trie-And-Pattern-Match\20.MyTrieNode.js
..\ES6\009-Trie\004-Trie-And-Pattern-Match\21.MyTrie.js
..\ES6\009-Trie\004-Trie-And-Pattern-Match\22.MyTrieSet.js
..\ES6\009-Trie\004-Trie-And-Pattern-Match\23.Main.js
..\ES6\009-Trie\004-Trie-And-Pattern-Match\24.PerformanceTest.js
..\ES6\009-Trie\004-Trie-And-Pattern-Match\25.ListNode.js
..\ES6\009-Trie\004-Trie-And-Pattern-Match\26.Calc.js
..\ES6\009-Trie\004-Trie-And-Pattern-Match\27.Solution.js
..\ES6\009-Trie\004-Trie-And-Pattern-Match\28.Student.js
